[INFO|2025-02-01 16:41:51,390 | __main__] Running with args: {'uni': True, 'code': True, 'model': 'gpt-4o-mini-2024-07-18'}
[INFO|2025-02-01 16:41:51,390 | root] Running coding challange with uni model gpt-4o-mini-2024-07-18
[INFO|2025-02-01 16:41:51,392 | coding] Generating data splits
[INFO|2025-02-01 16:41:51,392 | coding] Generated 32 | 32 | 100
[INFO|2025-02-01 16:41:51,392 | shared] Executing genetic algorithm
[INFO|2025-02-01 16:41:51,392 | shared] Using
[INFO|2025-02-01 16:41:51,392 | shared] Population size:	8
[INFO|2025-02-01 16:41:51,392 | shared] Generations:	10
[INFO|2025-02-01 16:41:51,392 | shared] Crossover rate:	8
[INFO|2025-02-01 16:41:51,392 | shared] Mutation rate:	0.4
[INFO|2025-02-01 16:41:51,393 | shared] Writing to /home/simon/Documents/Uni/seminar_prompt_engineering/src/results/1738424511_uni_code_0nfnh0d3/train.json
[INFO|2025-02-01 16:41:51,393 | shared] Writing to /home/simon/Documents/Uni/seminar_prompt_engineering/src/results/1738424511_uni_code_0nfnh0d3/val.json
[INFO|2025-02-01 16:41:51,394 | shared] Writing to /home/simon/Documents/Uni/seminar_prompt_engineering/src/results/1738424511_uni_code_0nfnh0d3/test.json
[INFO|2025-02-01 16:42:08,489 | coding] Collecting responses
[INFO|2025-02-01 16:42:08,489 | coding] Collecting responses
[INFO|2025-02-01 16:42:08,491 | coding] Collecting responses
[INFO|2025-02-01 16:42:08,491 | coding] Collecting responses
[INFO|2025-02-01 16:42:08,492 | coding] Collecting responses
[INFO|2025-02-01 16:42:08,493 | coding] Collecting responses
[INFO|2025-02-01 16:42:08,493 | coding] Collecting responses
[INFO|2025-02-01 16:42:08,494 | coding] Collecting responses
[INFO|2025-02-01 16:43:11,887 | shared] Writing to /home/simon/Documents/Uni/seminar_prompt_engineering/src/results/1738424511_uni_code_0nfnh0d3/population_0.json
[INFO|2025-02-01 16:43:11,890 | shared] Stats: 0.2 | 0.08750000000000001 | 0.0
[INFO|2025-02-01 16:43:12,778 | coding] Collecting responses
[INFO|2025-02-01 16:43:12,950 | coding] Collecting responses
[INFO|2025-02-01 16:43:12,950 | coding] Collecting responses
[INFO|2025-02-01 16:43:13,395 | coding] Collecting responses
[INFO|2025-02-01 16:43:13,395 | coding] Collecting responses
[INFO|2025-02-01 16:43:16,913 | coding] Collecting responses
[INFO|2025-02-01 16:44:04,433 | coding] Collecting responses
[INFO|2025-02-01 16:44:14,774 | coding] Collecting responses
[INFO|2025-02-01 16:44:18,073 | coding] Collecting responses
[INFO|2025-02-01 16:45:07,176 | shared] Writing to /home/simon/Documents/Uni/seminar_prompt_engineering/src/results/1738424511_uni_code_0nfnh0d3/population_1.json
[INFO|2025-02-01 16:45:07,179 | shared] Stats: 0.2 | 0.125 | 0.0
[INFO|2025-02-01 16:45:08,013 | coding] Collecting responses
[INFO|2025-02-01 16:45:08,021 | coding] Collecting responses
[INFO|2025-02-01 16:45:08,080 | coding] Collecting responses
[INFO|2025-02-01 16:45:08,233 | coding] Collecting responses
[INFO|2025-02-01 16:45:08,234 | coding] Collecting responses
[INFO|2025-02-01 16:45:08,235 | coding] Collecting responses
[INFO|2025-02-01 16:45:08,978 | coding] Collecting responses
[INFO|2025-02-01 16:45:55,755 | coding] Collecting responses
[INFO|2025-02-01 16:45:57,527 | coding] Collecting responses
[INFO|2025-02-01 16:46:44,513 | shared] Writing to /home/simon/Documents/Uni/seminar_prompt_engineering/src/results/1738424511_uni_code_0nfnh0d3/population_2.json
[INFO|2025-02-01 16:46:44,517 | shared] Stats: 0.2 | 0.1 | 0.0
[INFO|2025-02-01 16:46:45,354 | coding] Collecting responses
[INFO|2025-02-01 16:46:45,476 | coding] Collecting responses
[INFO|2025-02-01 16:46:45,547 | coding] Collecting responses
[INFO|2025-02-01 16:47:38,969 | shared] Writing to /home/simon/Documents/Uni/seminar_prompt_engineering/src/results/1738424511_uni_code_0nfnh0d3/population_3.json
[INFO|2025-02-01 16:47:38,971 | shared] Stats: 0.2 | 0.1625 | 0.1
[INFO|2025-02-01 16:47:40,510 | coding] Collecting responses
[INFO|2025-02-01 16:47:40,697 | coding] Collecting responses
[INFO|2025-02-01 16:47:41,165 | coding] Collecting responses
[INFO|2025-02-01 16:47:41,580 | coding] Collecting responses
[INFO|2025-02-01 16:47:42,237 | coding] Collecting responses
[INFO|2025-02-01 16:47:42,238 | coding] Collecting responses
[INFO|2025-02-01 16:48:24,989 | coding] Collecting responses
[INFO|2025-02-01 16:48:51,540 | coding] Collecting responses
[INFO|2025-02-01 16:49:37,340 | shared] Writing to /home/simon/Documents/Uni/seminar_prompt_engineering/src/results/1738424511_uni_code_0nfnh0d3/population_4.json
[INFO|2025-02-01 16:49:37,343 | shared] Stats: 0.2 | 0.1625 | 0.0
[INFO|2025-02-01 16:49:38,181 | coding] Collecting responses
[INFO|2025-02-01 16:49:38,181 | coding] Collecting responses
[INFO|2025-02-01 16:49:38,236 | coding] Collecting responses
[INFO|2025-02-01 16:49:38,266 | coding] Collecting responses
[INFO|2025-02-01 16:49:38,399 | coding] Collecting responses
[INFO|2025-02-01 16:49:38,425 | coding] Collecting responses
[INFO|2025-02-01 16:49:39,323 | coding] Collecting responses
[INFO|2025-02-01 16:50:30,642 | coding] Collecting responses
[INFO|2025-02-01 16:50:33,682 | coding] Collecting responses
[INFO|2025-02-01 16:50:40,741 | coding] Collecting responses
[INFO|2025-02-01 16:51:32,338 | shared] Writing to /home/simon/Documents/Uni/seminar_prompt_engineering/src/results/1738424511_uni_code_0nfnh0d3/population_5.json
[INFO|2025-02-01 16:51:32,341 | shared] Stats: 0.3 | 0.1875 | 0.1
[INFO|2025-02-01 16:51:33,111 | coding] Collecting responses
[INFO|2025-02-01 16:51:33,121 | coding] Collecting responses
[INFO|2025-02-01 16:51:33,240 | coding] Collecting responses
[INFO|2025-02-01 16:51:33,241 | coding] Collecting responses
[INFO|2025-02-01 16:51:33,241 | coding] Collecting responses
[INFO|2025-02-01 16:51:33,246 | coding] Collecting responses
[INFO|2025-02-01 16:51:35,001 | coding] Collecting responses
[INFO|2025-02-01 16:52:33,540 | coding] Collecting responses
[INFO|2025-02-01 16:52:39,992 | coding] Collecting responses
[INFO|2025-02-01 16:52:47,272 | coding] Collecting responses
[INFO|2025-02-01 16:53:28,998 | shared] Writing to /home/simon/Documents/Uni/seminar_prompt_engineering/src/results/1738424511_uni_code_0nfnh0d3/population_6.json
[INFO|2025-02-01 16:53:29,001 | shared] Stats: 0.3 | 0.2 | 0.1
[INFO|2025-02-01 16:53:29,846 | coding] Collecting responses
[INFO|2025-02-01 16:53:30,063 | coding] Collecting responses
[INFO|2025-02-01 16:53:30,090 | coding] Collecting responses
[INFO|2025-02-01 16:53:30,292 | coding] Collecting responses
[INFO|2025-02-01 16:54:24,340 | coding] Collecting responses
[INFO|2025-02-01 16:55:01,644 | shared] Writing to /home/simon/Documents/Uni/seminar_prompt_engineering/src/results/1738424511_uni_code_0nfnh0d3/population_7.json
[INFO|2025-02-01 16:55:01,647 | shared] Stats: 0.3 | 0.2125 | 0.1
[INFO|2025-02-01 16:55:02,466 | coding] Collecting responses
[INFO|2025-02-01 16:55:02,498 | coding] Collecting responses
[INFO|2025-02-01 16:55:02,530 | coding] Collecting responses
[INFO|2025-02-01 16:55:02,684 | coding] Collecting responses
[INFO|2025-02-01 16:55:02,686 | coding] Collecting responses
[INFO|2025-02-01 16:55:02,904 | coding] Collecting responses
[INFO|2025-02-01 16:55:05,104 | coding] Collecting responses
[ERROR|2025-02-01 16:55:38,277 | model] Traceback (most recent call last):
  File "/home/simon/Documents/Uni/seminar_prompt_engineering/src/venv/lib/python3.12/site-packages/urllib3/connectionpool.py", line 534, in _make_request
    response = conn.getresponse()
               ^^^^^^^^^^^^^^^^^^
  File "/home/simon/Documents/Uni/seminar_prompt_engineering/src/venv/lib/python3.12/site-packages/urllib3/connection.py", line 516, in getresponse
    httplib_response = super().getresponse()
                       ^^^^^^^^^^^^^^^^^^^^^
  File "/usr/lib/python3.12/http/client.py", line 1428, in getresponse
    response.begin()
  File "/usr/lib/python3.12/http/client.py", line 331, in begin
    version, status, reason = self._read_status()
                              ^^^^^^^^^^^^^^^^^^^
  File "/usr/lib/python3.12/http/client.py", line 292, in _read_status
    line = str(self.fp.readline(_MAXLINE + 1), "iso-8859-1")
               ^^^^^^^^^^^^^^^^^^^^^^^^^^^^^^
  File "/usr/lib/python3.12/socket.py", line 707, in readinto
    return self._sock.recv_into(b)
           ^^^^^^^^^^^^^^^^^^^^^^^
TimeoutError: timed out

The above exception was the direct cause of the following exception:

Traceback (most recent call last):
  File "/home/simon/Documents/Uni/seminar_prompt_engineering/src/venv/lib/python3.12/site-packages/requests/adapters.py", line 667, in send
    resp = conn.urlopen(
           ^^^^^^^^^^^^^
  File "/home/simon/Documents/Uni/seminar_prompt_engineering/src/venv/lib/python3.12/site-packages/urllib3/connectionpool.py", line 841, in urlopen
    retries = retries.increment(
              ^^^^^^^^^^^^^^^^^^
  File "/home/simon/Documents/Uni/seminar_prompt_engineering/src/venv/lib/python3.12/site-packages/urllib3/util/retry.py", line 474, in increment
    raise reraise(type(error), error, _stacktrace)
          ^^^^^^^^^^^^^^^^^^^^^^^^^^^^^^^^^^^^^^^^
  File "/home/simon/Documents/Uni/seminar_prompt_engineering/src/venv/lib/python3.12/site-packages/urllib3/util/util.py", line 39, in reraise
    raise value
  File "/home/simon/Documents/Uni/seminar_prompt_engineering/src/venv/lib/python3.12/site-packages/urllib3/connectionpool.py", line 787, in urlopen
    response = self._make_request(
               ^^^^^^^^^^^^^^^^^^^
  File "/home/simon/Documents/Uni/seminar_prompt_engineering/src/venv/lib/python3.12/site-packages/urllib3/connectionpool.py", line 536, in _make_request
    self._raise_timeout(err=e, url=url, timeout_value=read_timeout)
  File "/home/simon/Documents/Uni/seminar_prompt_engineering/src/venv/lib/python3.12/site-packages/urllib3/connectionpool.py", line 367, in _raise_timeout
    raise ReadTimeoutError(
urllib3.exceptions.ReadTimeoutError: HTTPConnectionPool(host='172.26.92.115', port=80): Read timed out. (read timeout=30)

During handling of the above exception, another exception occurred:

Traceback (most recent call last):
  File "/home/simon/Documents/Uni/seminar_prompt_engineering/src/model.py", line 117, in ask_model
    return ask_uni(*_args, **_kwargs)
           ^^^^^^^^^^^^^^^^^^^^^^^^^^
  File "/home/simon/Documents/Uni/seminar_prompt_engineering/src/model.py", line 93, in ask_uni
    response = requests.post(
               ^^^^^^^^^^^^^^
  File "/home/simon/Documents/Uni/seminar_prompt_engineering/src/venv/lib/python3.12/site-packages/requests/api.py", line 115, in post
    return request("post", url, data=data, json=json, **kwargs)
           ^^^^^^^^^^^^^^^^^^^^^^^^^^^^^^^^^^^^^^^^^^^^^^^^^^^^
  File "/home/simon/Documents/Uni/seminar_prompt_engineering/src/venv/lib/python3.12/site-packages/requests/api.py", line 59, in request
    return session.request(method=method, url=url, **kwargs)
           ^^^^^^^^^^^^^^^^^^^^^^^^^^^^^^^^^^^^^^^^^^^^^^^^^
  File "/home/simon/Documents/Uni/seminar_prompt_engineering/src/venv/lib/python3.12/site-packages/requests/sessions.py", line 589, in request
    resp = self.send(prep, **send_kwargs)
           ^^^^^^^^^^^^^^^^^^^^^^^^^^^^^^
  File "/home/simon/Documents/Uni/seminar_prompt_engineering/src/venv/lib/python3.12/site-packages/requests/sessions.py", line 703, in send
    r = adapter.send(request, **kwargs)
        ^^^^^^^^^^^^^^^^^^^^^^^^^^^^^^^
  File "/home/simon/Documents/Uni/seminar_prompt_engineering/src/venv/lib/python3.12/site-packages/requests/adapters.py", line 713, in send
    raise ReadTimeout(e, request=request)
requests.exceptions.ReadTimeout: HTTPConnectionPool(host='172.26.92.115', port=80): Read timed out. (read timeout=30)

[INFO|2025-02-01 16:55:38,277 | model] Finished call to 'model.ask_model' after 30.061(s), this was the 1st time calling it.
[INFO|2025-02-01 16:55:49,163 | coding] Collecting responses
[INFO|2025-02-01 16:56:36,747 | shared] Writing to /home/simon/Documents/Uni/seminar_prompt_engineering/src/results/1738424511_uni_code_0nfnh0d3/population_8.json
[INFO|2025-02-01 16:56:36,749 | shared] Stats: 0.3 | 0.225 | 0.2
[INFO|2025-02-01 16:56:37,666 | coding] Collecting responses
[INFO|2025-02-01 16:56:37,666 | coding] Collecting responses
[INFO|2025-02-01 16:56:37,668 | coding] Collecting responses
[INFO|2025-02-01 16:56:37,668 | coding] Collecting responses
[INFO|2025-02-01 16:56:40,143 | coding] Collecting responses
[INFO|2025-02-01 16:56:40,584 | coding] Collecting responses
[INFO|2025-02-01 16:57:43,097 | coding] Collecting responses
[INFO|2025-02-01 16:58:28,699 | shared] Writing to /home/simon/Documents/Uni/seminar_prompt_engineering/src/results/1738424511_uni_code_0nfnh0d3/population_9.json
[INFO|2025-02-01 16:58:28,702 | shared] Stats: 0.3 | 0.225 | 0.1
[INFO|2025-02-01 16:58:29,651 | coding] Collecting responses
[INFO|2025-02-01 16:58:29,747 | coding] Collecting responses
[INFO|2025-02-01 16:58:29,925 | coding] Collecting responses
[INFO|2025-02-01 16:58:29,927 | coding] Collecting responses
[INFO|2025-02-01 16:59:11,235 | shared] Writing to /home/simon/Documents/Uni/seminar_prompt_engineering/src/results/1738424511_uni_code_0nfnh0d3/population_10.json
[INFO|2025-02-01 16:59:11,245 | shared] Done!
