[INFO|2025-01-27 23:42:03,917] Generating data splits
[INFO|2025-01-27 23:42:03,918] Generated 32 | 32 | 100
[INFO|2025-01-27 23:42:03,918] Writing to /home/simon/Documents/Uni/seminar_prompt_engineering/src/results/pjlCZ1X9/train.json
[INFO|2025-01-27 23:42:03,920] Writing to /home/simon/Documents/Uni/seminar_prompt_engineering/src/results/pjlCZ1X9/val.json
[INFO|2025-01-27 23:42:03,921] Writing to /home/simon/Documents/Uni/seminar_prompt_engineering/src/results/pjlCZ1X9/test.json
[INFO|2025-01-27 23:42:03,924] Generating population 1
[INFO|2025-01-27 23:42:22,405] Evaluating first population
[INFO|2025-01-27 23:42:22,406] Collecting responses
[INFO|2025-01-27 23:43:35,622] Evaluating fitness
[INFO|2025-01-27 23:43:36,081] Collecting responses
[INFO|2025-01-27 23:45:00,579] Evaluating fitness
[INFO|2025-01-27 23:45:01,011] Collecting responses
[INFO|2025-01-27 23:45:59,767] Evaluating fitness
[INFO|2025-01-27 23:46:00,198] Collecting responses
[ERROR|2025-01-27 23:47:26,268] Traceback (most recent call last):
  File "/home/simon/Documents/Uni/seminar_prompt_engineering/src/venv/lib/python3.12/site-packages/urllib3/connectionpool.py", line 534, in _make_request
    response = conn.getresponse()
               ^^^^^^^^^^^^^^^^^^
  File "/home/simon/Documents/Uni/seminar_prompt_engineering/src/venv/lib/python3.12/site-packages/urllib3/connection.py", line 516, in getresponse
    httplib_response = super().getresponse()
                       ^^^^^^^^^^^^^^^^^^^^^
  File "/usr/lib/python3.12/http/client.py", line 1428, in getresponse
    response.begin()
  File "/usr/lib/python3.12/http/client.py", line 331, in begin
    version, status, reason = self._read_status()
                              ^^^^^^^^^^^^^^^^^^^
  File "/usr/lib/python3.12/http/client.py", line 292, in _read_status
    line = str(self.fp.readline(_MAXLINE + 1), "iso-8859-1")
               ^^^^^^^^^^^^^^^^^^^^^^^^^^^^^^
  File "/usr/lib/python3.12/socket.py", line 707, in readinto
    return self._sock.recv_into(b)
           ^^^^^^^^^^^^^^^^^^^^^^^
TimeoutError: timed out

The above exception was the direct cause of the following exception:

Traceback (most recent call last):
  File "/home/simon/Documents/Uni/seminar_prompt_engineering/src/venv/lib/python3.12/site-packages/requests/adapters.py", line 667, in send
    resp = conn.urlopen(
           ^^^^^^^^^^^^^
  File "/home/simon/Documents/Uni/seminar_prompt_engineering/src/venv/lib/python3.12/site-packages/urllib3/connectionpool.py", line 841, in urlopen
    retries = retries.increment(
              ^^^^^^^^^^^^^^^^^^
  File "/home/simon/Documents/Uni/seminar_prompt_engineering/src/venv/lib/python3.12/site-packages/urllib3/util/retry.py", line 474, in increment
    raise reraise(type(error), error, _stacktrace)
          ^^^^^^^^^^^^^^^^^^^^^^^^^^^^^^^^^^^^^^^^
  File "/home/simon/Documents/Uni/seminar_prompt_engineering/src/venv/lib/python3.12/site-packages/urllib3/util/util.py", line 39, in reraise
    raise value
  File "/home/simon/Documents/Uni/seminar_prompt_engineering/src/venv/lib/python3.12/site-packages/urllib3/connectionpool.py", line 787, in urlopen
    response = self._make_request(
               ^^^^^^^^^^^^^^^^^^^
  File "/home/simon/Documents/Uni/seminar_prompt_engineering/src/venv/lib/python3.12/site-packages/urllib3/connectionpool.py", line 536, in _make_request
    self._raise_timeout(err=e, url=url, timeout_value=read_timeout)
  File "/home/simon/Documents/Uni/seminar_prompt_engineering/src/venv/lib/python3.12/site-packages/urllib3/connectionpool.py", line 367, in _raise_timeout
    raise ReadTimeoutError(
urllib3.exceptions.ReadTimeoutError: HTTPConnectionPool(host='172.26.92.115', port=80): Read timed out. (read timeout=30)

During handling of the above exception, another exception occurred:

Traceback (most recent call last):
  File "/home/simon/Documents/Uni/seminar_prompt_engineering/src/ga.py", line 84, in _ask_model
    response = requests.post(
               ^^^^^^^^^^^^^^
  File "/home/simon/Documents/Uni/seminar_prompt_engineering/src/venv/lib/python3.12/site-packages/requests/api.py", line 115, in post
    return request("post", url, data=data, json=json, **kwargs)
           ^^^^^^^^^^^^^^^^^^^^^^^^^^^^^^^^^^^^^^^^^^^^^^^^^^^^
  File "/home/simon/Documents/Uni/seminar_prompt_engineering/src/venv/lib/python3.12/site-packages/requests/api.py", line 59, in request
    return session.request(method=method, url=url, **kwargs)
           ^^^^^^^^^^^^^^^^^^^^^^^^^^^^^^^^^^^^^^^^^^^^^^^^^
  File "/home/simon/Documents/Uni/seminar_prompt_engineering/src/venv/lib/python3.12/site-packages/requests/sessions.py", line 589, in request
    resp = self.send(prep, **send_kwargs)
           ^^^^^^^^^^^^^^^^^^^^^^^^^^^^^^
  File "/home/simon/Documents/Uni/seminar_prompt_engineering/src/venv/lib/python3.12/site-packages/requests/sessions.py", line 703, in send
    r = adapter.send(request, **kwargs)
        ^^^^^^^^^^^^^^^^^^^^^^^^^^^^^^^
  File "/home/simon/Documents/Uni/seminar_prompt_engineering/src/venv/lib/python3.12/site-packages/requests/adapters.py", line 713, in send
    raise ReadTimeout(e, request=request)
requests.exceptions.ReadTimeout: HTTPConnectionPool(host='172.26.92.115', port=80): Read timed out. (read timeout=30)

[ERROR|2025-01-27 23:47:26,268] Finished call to 'ga._ask_model' after 30.080(s), this was the 1st time calling it.
[INFO|2025-01-27 23:47:31,621] Evaluating fitness
[INFO|2025-01-27 23:47:32,047] Collecting responses
[INFO|2025-01-27 23:48:44,428] Evaluating fitness
[INFO|2025-01-27 23:48:44,857] Collecting responses
[INFO|2025-01-27 23:49:53,857] Evaluating fitness
[INFO|2025-01-27 23:49:54,291] Collecting responses
[ERROR|2025-01-27 23:51:24,426] Traceback (most recent call last):
  File "/home/simon/Documents/Uni/seminar_prompt_engineering/src/venv/lib/python3.12/site-packages/urllib3/connectionpool.py", line 534, in _make_request
    response = conn.getresponse()
               ^^^^^^^^^^^^^^^^^^
  File "/home/simon/Documents/Uni/seminar_prompt_engineering/src/venv/lib/python3.12/site-packages/urllib3/connection.py", line 516, in getresponse
    httplib_response = super().getresponse()
                       ^^^^^^^^^^^^^^^^^^^^^
  File "/usr/lib/python3.12/http/client.py", line 1428, in getresponse
    response.begin()
  File "/usr/lib/python3.12/http/client.py", line 331, in begin
    version, status, reason = self._read_status()
                              ^^^^^^^^^^^^^^^^^^^
  File "/usr/lib/python3.12/http/client.py", line 292, in _read_status
    line = str(self.fp.readline(_MAXLINE + 1), "iso-8859-1")
               ^^^^^^^^^^^^^^^^^^^^^^^^^^^^^^
  File "/usr/lib/python3.12/socket.py", line 707, in readinto
    return self._sock.recv_into(b)
           ^^^^^^^^^^^^^^^^^^^^^^^
TimeoutError: timed out

The above exception was the direct cause of the following exception:

Traceback (most recent call last):
  File "/home/simon/Documents/Uni/seminar_prompt_engineering/src/venv/lib/python3.12/site-packages/requests/adapters.py", line 667, in send
    resp = conn.urlopen(
           ^^^^^^^^^^^^^
  File "/home/simon/Documents/Uni/seminar_prompt_engineering/src/venv/lib/python3.12/site-packages/urllib3/connectionpool.py", line 841, in urlopen
    retries = retries.increment(
              ^^^^^^^^^^^^^^^^^^
  File "/home/simon/Documents/Uni/seminar_prompt_engineering/src/venv/lib/python3.12/site-packages/urllib3/util/retry.py", line 474, in increment
    raise reraise(type(error), error, _stacktrace)
          ^^^^^^^^^^^^^^^^^^^^^^^^^^^^^^^^^^^^^^^^
  File "/home/simon/Documents/Uni/seminar_prompt_engineering/src/venv/lib/python3.12/site-packages/urllib3/util/util.py", line 39, in reraise
    raise value
  File "/home/simon/Documents/Uni/seminar_prompt_engineering/src/venv/lib/python3.12/site-packages/urllib3/connectionpool.py", line 787, in urlopen
    response = self._make_request(
               ^^^^^^^^^^^^^^^^^^^
  File "/home/simon/Documents/Uni/seminar_prompt_engineering/src/venv/lib/python3.12/site-packages/urllib3/connectionpool.py", line 536, in _make_request
    self._raise_timeout(err=e, url=url, timeout_value=read_timeout)
  File "/home/simon/Documents/Uni/seminar_prompt_engineering/src/venv/lib/python3.12/site-packages/urllib3/connectionpool.py", line 367, in _raise_timeout
    raise ReadTimeoutError(
urllib3.exceptions.ReadTimeoutError: HTTPConnectionPool(host='172.26.92.115', port=80): Read timed out. (read timeout=30)

During handling of the above exception, another exception occurred:

Traceback (most recent call last):
  File "/home/simon/Documents/Uni/seminar_prompt_engineering/src/ga.py", line 84, in _ask_model
    response = requests.post(
               ^^^^^^^^^^^^^^
  File "/home/simon/Documents/Uni/seminar_prompt_engineering/src/venv/lib/python3.12/site-packages/requests/api.py", line 115, in post
    return request("post", url, data=data, json=json, **kwargs)
           ^^^^^^^^^^^^^^^^^^^^^^^^^^^^^^^^^^^^^^^^^^^^^^^^^^^^
  File "/home/simon/Documents/Uni/seminar_prompt_engineering/src/venv/lib/python3.12/site-packages/requests/api.py", line 59, in request
    return session.request(method=method, url=url, **kwargs)
           ^^^^^^^^^^^^^^^^^^^^^^^^^^^^^^^^^^^^^^^^^^^^^^^^^
  File "/home/simon/Documents/Uni/seminar_prompt_engineering/src/venv/lib/python3.12/site-packages/requests/sessions.py", line 589, in request
    resp = self.send(prep, **send_kwargs)
           ^^^^^^^^^^^^^^^^^^^^^^^^^^^^^^
  File "/home/simon/Documents/Uni/seminar_prompt_engineering/src/venv/lib/python3.12/site-packages/requests/sessions.py", line 703, in send
    r = adapter.send(request, **kwargs)
        ^^^^^^^^^^^^^^^^^^^^^^^^^^^^^^^
  File "/home/simon/Documents/Uni/seminar_prompt_engineering/src/venv/lib/python3.12/site-packages/requests/adapters.py", line 713, in send
    raise ReadTimeout(e, request=request)
requests.exceptions.ReadTimeout: HTTPConnectionPool(host='172.26.92.115', port=80): Read timed out. (read timeout=30)

[ERROR|2025-01-27 23:51:24,426] Finished call to 'ga._ask_model' after 30.051(s), this was the 1st time calling it.
[INFO|2025-01-27 23:51:39,094] Evaluating fitness
[INFO|2025-01-27 23:51:39,554] Collecting responses
[INFO|2025-01-27 23:52:37,902] Evaluating fitness
[INFO|2025-01-27 23:52:38,341] Collecting responses
[INFO|2025-01-27 23:53:47,332] Evaluating fitness
[INFO|2025-01-27 23:53:47,771] Collecting responses
[INFO|2025-01-27 23:54:40,375] Evaluating fitness
[INFO|2025-01-27 23:54:40,807] Collecting responses
[INFO|2025-01-27 23:55:36,938] Evaluating fitness
[INFO|2025-01-27 23:55:37,369] Collecting responses
[INFO|2025-01-27 23:56:34,041] Evaluating fitness
[INFO|2025-01-27 23:56:34,476] Collecting responses
[ERROR|2025-01-27 23:57:17,612] Traceback (most recent call last):
  File "/home/simon/Documents/Uni/seminar_prompt_engineering/src/venv/lib/python3.12/site-packages/urllib3/connectionpool.py", line 534, in _make_request
    response = conn.getresponse()
               ^^^^^^^^^^^^^^^^^^
  File "/home/simon/Documents/Uni/seminar_prompt_engineering/src/venv/lib/python3.12/site-packages/urllib3/connection.py", line 516, in getresponse
    httplib_response = super().getresponse()
                       ^^^^^^^^^^^^^^^^^^^^^
  File "/usr/lib/python3.12/http/client.py", line 1428, in getresponse
    response.begin()
  File "/usr/lib/python3.12/http/client.py", line 331, in begin
    version, status, reason = self._read_status()
                              ^^^^^^^^^^^^^^^^^^^
  File "/usr/lib/python3.12/http/client.py", line 292, in _read_status
    line = str(self.fp.readline(_MAXLINE + 1), "iso-8859-1")
               ^^^^^^^^^^^^^^^^^^^^^^^^^^^^^^
  File "/usr/lib/python3.12/socket.py", line 707, in readinto
    return self._sock.recv_into(b)
           ^^^^^^^^^^^^^^^^^^^^^^^
TimeoutError: timed out

The above exception was the direct cause of the following exception:

Traceback (most recent call last):
  File "/home/simon/Documents/Uni/seminar_prompt_engineering/src/venv/lib/python3.12/site-packages/requests/adapters.py", line 667, in send
    resp = conn.urlopen(
           ^^^^^^^^^^^^^
  File "/home/simon/Documents/Uni/seminar_prompt_engineering/src/venv/lib/python3.12/site-packages/urllib3/connectionpool.py", line 841, in urlopen
    retries = retries.increment(
              ^^^^^^^^^^^^^^^^^^
  File "/home/simon/Documents/Uni/seminar_prompt_engineering/src/venv/lib/python3.12/site-packages/urllib3/util/retry.py", line 474, in increment
    raise reraise(type(error), error, _stacktrace)
          ^^^^^^^^^^^^^^^^^^^^^^^^^^^^^^^^^^^^^^^^
  File "/home/simon/Documents/Uni/seminar_prompt_engineering/src/venv/lib/python3.12/site-packages/urllib3/util/util.py", line 39, in reraise
    raise value
  File "/home/simon/Documents/Uni/seminar_prompt_engineering/src/venv/lib/python3.12/site-packages/urllib3/connectionpool.py", line 787, in urlopen
    response = self._make_request(
               ^^^^^^^^^^^^^^^^^^^
  File "/home/simon/Documents/Uni/seminar_prompt_engineering/src/venv/lib/python3.12/site-packages/urllib3/connectionpool.py", line 536, in _make_request
    self._raise_timeout(err=e, url=url, timeout_value=read_timeout)
  File "/home/simon/Documents/Uni/seminar_prompt_engineering/src/venv/lib/python3.12/site-packages/urllib3/connectionpool.py", line 367, in _raise_timeout
    raise ReadTimeoutError(
urllib3.exceptions.ReadTimeoutError: HTTPConnectionPool(host='172.26.92.115', port=80): Read timed out. (read timeout=30)

During handling of the above exception, another exception occurred:

Traceback (most recent call last):
  File "/home/simon/Documents/Uni/seminar_prompt_engineering/src/ga.py", line 84, in _ask_model
    response = requests.post(
               ^^^^^^^^^^^^^^
  File "/home/simon/Documents/Uni/seminar_prompt_engineering/src/venv/lib/python3.12/site-packages/requests/api.py", line 115, in post
    return request("post", url, data=data, json=json, **kwargs)
           ^^^^^^^^^^^^^^^^^^^^^^^^^^^^^^^^^^^^^^^^^^^^^^^^^^^^
  File "/home/simon/Documents/Uni/seminar_prompt_engineering/src/venv/lib/python3.12/site-packages/requests/api.py", line 59, in request
    return session.request(method=method, url=url, **kwargs)
           ^^^^^^^^^^^^^^^^^^^^^^^^^^^^^^^^^^^^^^^^^^^^^^^^^
  File "/home/simon/Documents/Uni/seminar_prompt_engineering/src/venv/lib/python3.12/site-packages/requests/sessions.py", line 589, in request
    resp = self.send(prep, **send_kwargs)
           ^^^^^^^^^^^^^^^^^^^^^^^^^^^^^^
  File "/home/simon/Documents/Uni/seminar_prompt_engineering/src/venv/lib/python3.12/site-packages/requests/sessions.py", line 703, in send
    r = adapter.send(request, **kwargs)
        ^^^^^^^^^^^^^^^^^^^^^^^^^^^^^^^
  File "/home/simon/Documents/Uni/seminar_prompt_engineering/src/venv/lib/python3.12/site-packages/requests/adapters.py", line 713, in send
    raise ReadTimeout(e, request=request)
requests.exceptions.ReadTimeout: HTTPConnectionPool(host='172.26.92.115', port=80): Read timed out. (read timeout=30)

[ERROR|2025-01-27 23:57:17,612] Finished call to 'ga._ask_model' after 30.055(s), this was the 1st time calling it.
[INFO|2025-01-27 23:57:55,859] Evaluating fitness
[INFO|2025-01-27 23:57:56,292] Collecting responses
[ERROR|2025-01-27 23:58:32,875] Traceback (most recent call last):
  File "/home/simon/Documents/Uni/seminar_prompt_engineering/src/venv/lib/python3.12/site-packages/urllib3/connectionpool.py", line 534, in _make_request
    response = conn.getresponse()
               ^^^^^^^^^^^^^^^^^^
  File "/home/simon/Documents/Uni/seminar_prompt_engineering/src/venv/lib/python3.12/site-packages/urllib3/connection.py", line 516, in getresponse
    httplib_response = super().getresponse()
                       ^^^^^^^^^^^^^^^^^^^^^
  File "/usr/lib/python3.12/http/client.py", line 1428, in getresponse
    response.begin()
  File "/usr/lib/python3.12/http/client.py", line 331, in begin
    version, status, reason = self._read_status()
                              ^^^^^^^^^^^^^^^^^^^
  File "/usr/lib/python3.12/http/client.py", line 292, in _read_status
    line = str(self.fp.readline(_MAXLINE + 1), "iso-8859-1")
               ^^^^^^^^^^^^^^^^^^^^^^^^^^^^^^
  File "/usr/lib/python3.12/socket.py", line 707, in readinto
    return self._sock.recv_into(b)
           ^^^^^^^^^^^^^^^^^^^^^^^
TimeoutError: timed out

The above exception was the direct cause of the following exception:

Traceback (most recent call last):
  File "/home/simon/Documents/Uni/seminar_prompt_engineering/src/venv/lib/python3.12/site-packages/requests/adapters.py", line 667, in send
    resp = conn.urlopen(
           ^^^^^^^^^^^^^
  File "/home/simon/Documents/Uni/seminar_prompt_engineering/src/venv/lib/python3.12/site-packages/urllib3/connectionpool.py", line 841, in urlopen
    retries = retries.increment(
              ^^^^^^^^^^^^^^^^^^
  File "/home/simon/Documents/Uni/seminar_prompt_engineering/src/venv/lib/python3.12/site-packages/urllib3/util/retry.py", line 474, in increment
    raise reraise(type(error), error, _stacktrace)
          ^^^^^^^^^^^^^^^^^^^^^^^^^^^^^^^^^^^^^^^^
  File "/home/simon/Documents/Uni/seminar_prompt_engineering/src/venv/lib/python3.12/site-packages/urllib3/util/util.py", line 39, in reraise
    raise value
  File "/home/simon/Documents/Uni/seminar_prompt_engineering/src/venv/lib/python3.12/site-packages/urllib3/connectionpool.py", line 787, in urlopen
    response = self._make_request(
               ^^^^^^^^^^^^^^^^^^^
  File "/home/simon/Documents/Uni/seminar_prompt_engineering/src/venv/lib/python3.12/site-packages/urllib3/connectionpool.py", line 536, in _make_request
    self._raise_timeout(err=e, url=url, timeout_value=read_timeout)
  File "/home/simon/Documents/Uni/seminar_prompt_engineering/src/venv/lib/python3.12/site-packages/urllib3/connectionpool.py", line 367, in _raise_timeout
    raise ReadTimeoutError(
urllib3.exceptions.ReadTimeoutError: HTTPConnectionPool(host='172.26.92.115', port=80): Read timed out. (read timeout=30)

During handling of the above exception, another exception occurred:

Traceback (most recent call last):
  File "/home/simon/Documents/Uni/seminar_prompt_engineering/src/ga.py", line 84, in _ask_model
    response = requests.post(
               ^^^^^^^^^^^^^^
  File "/home/simon/Documents/Uni/seminar_prompt_engineering/src/venv/lib/python3.12/site-packages/requests/api.py", line 115, in post
    return request("post", url, data=data, json=json, **kwargs)
           ^^^^^^^^^^^^^^^^^^^^^^^^^^^^^^^^^^^^^^^^^^^^^^^^^^^^
  File "/home/simon/Documents/Uni/seminar_prompt_engineering/src/venv/lib/python3.12/site-packages/requests/api.py", line 59, in request
    return session.request(method=method, url=url, **kwargs)
           ^^^^^^^^^^^^^^^^^^^^^^^^^^^^^^^^^^^^^^^^^^^^^^^^^
  File "/home/simon/Documents/Uni/seminar_prompt_engineering/src/venv/lib/python3.12/site-packages/requests/sessions.py", line 589, in request
    resp = self.send(prep, **send_kwargs)
           ^^^^^^^^^^^^^^^^^^^^^^^^^^^^^^
  File "/home/simon/Documents/Uni/seminar_prompt_engineering/src/venv/lib/python3.12/site-packages/requests/sessions.py", line 703, in send
    r = adapter.send(request, **kwargs)
        ^^^^^^^^^^^^^^^^^^^^^^^^^^^^^^^
  File "/home/simon/Documents/Uni/seminar_prompt_engineering/src/venv/lib/python3.12/site-packages/requests/adapters.py", line 713, in send
    raise ReadTimeout(e, request=request)
requests.exceptions.ReadTimeout: HTTPConnectionPool(host='172.26.92.115', port=80): Read timed out. (read timeout=30)

[ERROR|2025-01-27 23:58:32,876] Finished call to 'ga._ask_model' after 30.054(s), this was the 1st time calling it.
[INFO|2025-01-27 23:59:27,845] Evaluating fitness
[INFO|2025-01-27 23:59:28,306] Collecting responses
[ERROR|2025-01-28 00:00:15,464] Traceback (most recent call last):
  File "/home/simon/Documents/Uni/seminar_prompt_engineering/src/venv/lib/python3.12/site-packages/urllib3/connectionpool.py", line 534, in _make_request
    response = conn.getresponse()
               ^^^^^^^^^^^^^^^^^^
  File "/home/simon/Documents/Uni/seminar_prompt_engineering/src/venv/lib/python3.12/site-packages/urllib3/connection.py", line 516, in getresponse
    httplib_response = super().getresponse()
                       ^^^^^^^^^^^^^^^^^^^^^
  File "/usr/lib/python3.12/http/client.py", line 1428, in getresponse
    response.begin()
  File "/usr/lib/python3.12/http/client.py", line 331, in begin
    version, status, reason = self._read_status()
                              ^^^^^^^^^^^^^^^^^^^
  File "/usr/lib/python3.12/http/client.py", line 292, in _read_status
    line = str(self.fp.readline(_MAXLINE + 1), "iso-8859-1")
               ^^^^^^^^^^^^^^^^^^^^^^^^^^^^^^
  File "/usr/lib/python3.12/socket.py", line 707, in readinto
    return self._sock.recv_into(b)
           ^^^^^^^^^^^^^^^^^^^^^^^
TimeoutError: timed out

The above exception was the direct cause of the following exception:

Traceback (most recent call last):
  File "/home/simon/Documents/Uni/seminar_prompt_engineering/src/venv/lib/python3.12/site-packages/requests/adapters.py", line 667, in send
    resp = conn.urlopen(
           ^^^^^^^^^^^^^
  File "/home/simon/Documents/Uni/seminar_prompt_engineering/src/venv/lib/python3.12/site-packages/urllib3/connectionpool.py", line 841, in urlopen
    retries = retries.increment(
              ^^^^^^^^^^^^^^^^^^
  File "/home/simon/Documents/Uni/seminar_prompt_engineering/src/venv/lib/python3.12/site-packages/urllib3/util/retry.py", line 474, in increment
    raise reraise(type(error), error, _stacktrace)
          ^^^^^^^^^^^^^^^^^^^^^^^^^^^^^^^^^^^^^^^^
  File "/home/simon/Documents/Uni/seminar_prompt_engineering/src/venv/lib/python3.12/site-packages/urllib3/util/util.py", line 39, in reraise
    raise value
  File "/home/simon/Documents/Uni/seminar_prompt_engineering/src/venv/lib/python3.12/site-packages/urllib3/connectionpool.py", line 787, in urlopen
    response = self._make_request(
               ^^^^^^^^^^^^^^^^^^^
  File "/home/simon/Documents/Uni/seminar_prompt_engineering/src/venv/lib/python3.12/site-packages/urllib3/connectionpool.py", line 536, in _make_request
    self._raise_timeout(err=e, url=url, timeout_value=read_timeout)
  File "/home/simon/Documents/Uni/seminar_prompt_engineering/src/venv/lib/python3.12/site-packages/urllib3/connectionpool.py", line 367, in _raise_timeout
    raise ReadTimeoutError(
urllib3.exceptions.ReadTimeoutError: HTTPConnectionPool(host='172.26.92.115', port=80): Read timed out. (read timeout=30)

During handling of the above exception, another exception occurred:

Traceback (most recent call last):
  File "/home/simon/Documents/Uni/seminar_prompt_engineering/src/ga.py", line 84, in _ask_model
    response = requests.post(
               ^^^^^^^^^^^^^^
  File "/home/simon/Documents/Uni/seminar_prompt_engineering/src/venv/lib/python3.12/site-packages/requests/api.py", line 115, in post
    return request("post", url, data=data, json=json, **kwargs)
           ^^^^^^^^^^^^^^^^^^^^^^^^^^^^^^^^^^^^^^^^^^^^^^^^^^^^
  File "/home/simon/Documents/Uni/seminar_prompt_engineering/src/venv/lib/python3.12/site-packages/requests/api.py", line 59, in request
    return session.request(method=method, url=url, **kwargs)
           ^^^^^^^^^^^^^^^^^^^^^^^^^^^^^^^^^^^^^^^^^^^^^^^^^
  File "/home/simon/Documents/Uni/seminar_prompt_engineering/src/venv/lib/python3.12/site-packages/requests/sessions.py", line 589, in request
    resp = self.send(prep, **send_kwargs)
           ^^^^^^^^^^^^^^^^^^^^^^^^^^^^^^
  File "/home/simon/Documents/Uni/seminar_prompt_engineering/src/venv/lib/python3.12/site-packages/requests/sessions.py", line 703, in send
    r = adapter.send(request, **kwargs)
        ^^^^^^^^^^^^^^^^^^^^^^^^^^^^^^^
  File "/home/simon/Documents/Uni/seminar_prompt_engineering/src/venv/lib/python3.12/site-packages/requests/adapters.py", line 713, in send
    raise ReadTimeout(e, request=request)
requests.exceptions.ReadTimeout: HTTPConnectionPool(host='172.26.92.115', port=80): Read timed out. (read timeout=30)

[ERROR|2025-01-28 00:00:15,464] Finished call to 'ga._ask_model' after 30.054(s), this was the 1st time calling it.
[INFO|2025-01-28 00:01:11,651] Evaluating fitness
[INFO|2025-01-28 00:01:12,082] Collecting responses
[INFO|2025-01-28 00:02:03,772] Evaluating fitness
[INFO|2025-01-28 00:02:04,206] Collecting responses
[INFO|2025-01-28 00:02:52,721] Evaluating fitness
[INFO|2025-01-28 00:02:53,157] Collecting responses
[INFO|2025-01-28 00:03:55,493] Evaluating fitness
[INFO|2025-01-28 00:03:55,922] Collecting responses
[ERROR|2025-01-28 00:04:57,865] Traceback (most recent call last):
  File "/home/simon/Documents/Uni/seminar_prompt_engineering/src/venv/lib/python3.12/site-packages/urllib3/connectionpool.py", line 534, in _make_request
    response = conn.getresponse()
               ^^^^^^^^^^^^^^^^^^
  File "/home/simon/Documents/Uni/seminar_prompt_engineering/src/venv/lib/python3.12/site-packages/urllib3/connection.py", line 516, in getresponse
    httplib_response = super().getresponse()
                       ^^^^^^^^^^^^^^^^^^^^^
  File "/usr/lib/python3.12/http/client.py", line 1428, in getresponse
    response.begin()
  File "/usr/lib/python3.12/http/client.py", line 331, in begin
    version, status, reason = self._read_status()
                              ^^^^^^^^^^^^^^^^^^^
  File "/usr/lib/python3.12/http/client.py", line 292, in _read_status
    line = str(self.fp.readline(_MAXLINE + 1), "iso-8859-1")
               ^^^^^^^^^^^^^^^^^^^^^^^^^^^^^^
  File "/usr/lib/python3.12/socket.py", line 707, in readinto
    return self._sock.recv_into(b)
           ^^^^^^^^^^^^^^^^^^^^^^^
TimeoutError: timed out

The above exception was the direct cause of the following exception:

Traceback (most recent call last):
  File "/home/simon/Documents/Uni/seminar_prompt_engineering/src/venv/lib/python3.12/site-packages/requests/adapters.py", line 667, in send
    resp = conn.urlopen(
           ^^^^^^^^^^^^^
  File "/home/simon/Documents/Uni/seminar_prompt_engineering/src/venv/lib/python3.12/site-packages/urllib3/connectionpool.py", line 841, in urlopen
    retries = retries.increment(
              ^^^^^^^^^^^^^^^^^^
  File "/home/simon/Documents/Uni/seminar_prompt_engineering/src/venv/lib/python3.12/site-packages/urllib3/util/retry.py", line 474, in increment
    raise reraise(type(error), error, _stacktrace)
          ^^^^^^^^^^^^^^^^^^^^^^^^^^^^^^^^^^^^^^^^
  File "/home/simon/Documents/Uni/seminar_prompt_engineering/src/venv/lib/python3.12/site-packages/urllib3/util/util.py", line 39, in reraise
    raise value
  File "/home/simon/Documents/Uni/seminar_prompt_engineering/src/venv/lib/python3.12/site-packages/urllib3/connectionpool.py", line 787, in urlopen
    response = self._make_request(
               ^^^^^^^^^^^^^^^^^^^
  File "/home/simon/Documents/Uni/seminar_prompt_engineering/src/venv/lib/python3.12/site-packages/urllib3/connectionpool.py", line 536, in _make_request
    self._raise_timeout(err=e, url=url, timeout_value=read_timeout)
  File "/home/simon/Documents/Uni/seminar_prompt_engineering/src/venv/lib/python3.12/site-packages/urllib3/connectionpool.py", line 367, in _raise_timeout
    raise ReadTimeoutError(
urllib3.exceptions.ReadTimeoutError: HTTPConnectionPool(host='172.26.92.115', port=80): Read timed out. (read timeout=30)

During handling of the above exception, another exception occurred:

Traceback (most recent call last):
  File "/home/simon/Documents/Uni/seminar_prompt_engineering/src/ga.py", line 84, in _ask_model
    response = requests.post(
               ^^^^^^^^^^^^^^
  File "/home/simon/Documents/Uni/seminar_prompt_engineering/src/venv/lib/python3.12/site-packages/requests/api.py", line 115, in post
    return request("post", url, data=data, json=json, **kwargs)
           ^^^^^^^^^^^^^^^^^^^^^^^^^^^^^^^^^^^^^^^^^^^^^^^^^^^^
  File "/home/simon/Documents/Uni/seminar_prompt_engineering/src/venv/lib/python3.12/site-packages/requests/api.py", line 59, in request
    return session.request(method=method, url=url, **kwargs)
           ^^^^^^^^^^^^^^^^^^^^^^^^^^^^^^^^^^^^^^^^^^^^^^^^^
  File "/home/simon/Documents/Uni/seminar_prompt_engineering/src/venv/lib/python3.12/site-packages/requests/sessions.py", line 589, in request
    resp = self.send(prep, **send_kwargs)
           ^^^^^^^^^^^^^^^^^^^^^^^^^^^^^^
  File "/home/simon/Documents/Uni/seminar_prompt_engineering/src/venv/lib/python3.12/site-packages/requests/sessions.py", line 703, in send
    r = adapter.send(request, **kwargs)
        ^^^^^^^^^^^^^^^^^^^^^^^^^^^^^^^
  File "/home/simon/Documents/Uni/seminar_prompt_engineering/src/venv/lib/python3.12/site-packages/requests/adapters.py", line 713, in send
    raise ReadTimeout(e, request=request)
requests.exceptions.ReadTimeout: HTTPConnectionPool(host='172.26.92.115', port=80): Read timed out. (read timeout=30)

[ERROR|2025-01-28 00:04:57,865] Finished call to 'ga._ask_model' after 30.054(s), this was the 1st time calling it.
[INFO|2025-01-28 00:05:27,654] Evaluating fitness
[INFO|2025-01-28 00:05:28,126] Collecting responses
[INFO|2025-01-28 00:06:24,793] Evaluating fitness
[INFO|2025-01-28 00:06:25,242] Writing to /home/simon/Documents/Uni/seminar_prompt_engineering/src/results/pjlCZ1X9/population_0.json
[INFO|2025-01-28 00:06:25,243] Generatin population... 1
[INFO|2025-01-28 00:06:29,094] Collecting responses
[INFO|2025-01-28 00:07:31,457] Evaluating fitness
[INFO|2025-01-28 00:07:31,891] Collecting responses
[INFO|2025-01-28 00:08:38,111] Evaluating fitness
[INFO|2025-01-28 00:08:40,267] Collecting responses
[INFO|2025-01-28 00:09:39,766] Evaluating fitness
[INFO|2025-01-28 00:09:40,194] Collecting responses
[INFO|2025-01-28 00:10:42,843] Evaluating fitness
[INFO|2025-01-28 00:10:45,685] Collecting responses
[INFO|2025-01-28 00:11:35,888] Evaluating fitness
[INFO|2025-01-28 00:11:36,308] Collecting responses
[INFO|2025-01-28 00:12:54,123] Evaluating fitness
[INFO|2025-01-28 00:12:57,604] Collecting responses
[INFO|2025-01-28 00:13:52,797] Evaluating fitness
[INFO|2025-01-28 00:13:53,227] Collecting responses
[INFO|2025-01-28 00:14:31,610] Evaluating fitness
[INFO|2025-01-28 00:14:32,939] Collecting responses
[INFO|2025-01-28 00:15:39,721] Evaluating fitness
[INFO|2025-01-28 00:15:40,163] Collecting responses
[INFO|2025-01-28 00:16:43,092] Evaluating fitness
[INFO|2025-01-28 00:16:44,423] Collecting responses
[INFO|2025-01-28 00:17:45,237] Evaluating fitness
[INFO|2025-01-28 00:17:45,673] Collecting responses
[INFO|2025-01-28 00:18:43,950] Evaluating fitness
[INFO|2025-01-28 00:18:48,353] Collecting responses
[INFO|2025-01-28 00:19:44,776] Evaluating fitness
[INFO|2025-01-28 00:19:45,220] Collecting responses
[INFO|2025-01-28 00:20:53,909] Evaluating fitness
[INFO|2025-01-28 00:20:56,546] Collecting responses
[INFO|2025-01-28 00:21:33,130] Evaluating fitness
[INFO|2025-01-28 00:21:33,554] Collecting responses
[INFO|2025-01-28 00:22:20,439] Evaluating fitness
[INFO|2025-01-28 00:22:21,617] Collecting responses
[INFO|2025-01-28 00:23:25,152] Evaluating fitness
[INFO|2025-01-28 00:23:25,595] Collecting responses
[INFO|2025-01-28 00:24:11,026] Evaluating fitness
[INFO|2025-01-28 00:24:12,357] Collecting responses
[INFO|2025-01-28 00:25:13,591] Evaluating fitness
[INFO|2025-01-28 00:25:14,029] Collecting responses
[INFO|2025-01-28 00:26:18,106] Evaluating fitness
[INFO|2025-01-28 00:26:20,698] Collecting responses
[INFO|2025-01-28 00:27:19,549] Evaluating fitness
[INFO|2025-01-28 00:27:19,983] Collecting responses
[INFO|2025-01-28 00:28:28,543] Evaluating fitness
[INFO|2025-01-28 00:28:30,512] Collecting responses
[INFO|2025-01-28 00:29:29,090] Evaluating fitness
[INFO|2025-01-28 00:29:29,547] Collecting responses
[INFO|2025-01-28 00:30:28,688] Evaluating fitness
[INFO|2025-01-28 00:30:31,102] Collecting responses
[INFO|2025-01-28 00:31:04,120] Evaluating fitness
[INFO|2025-01-28 00:31:04,549] Collecting responses
[INFO|2025-01-28 00:31:54,297] Evaluating fitness
[INFO|2025-01-28 00:31:55,729] Collecting responses
[INFO|2025-01-28 00:32:42,938] Evaluating fitness
[INFO|2025-01-28 00:32:43,364] Collecting responses
[INFO|2025-01-28 00:33:39,053] Evaluating fitness
[INFO|2025-01-28 00:33:40,926] Collecting responses
[INFO|2025-01-28 00:34:40,700] Evaluating fitness
[INFO|2025-01-28 00:34:41,142] Collecting responses
[INFO|2025-01-28 00:35:16,370] Evaluating fitness
[INFO|2025-01-28 00:35:19,099] Collecting responses
[INFO|2025-01-28 00:36:32,274] Evaluating fitness
[INFO|2025-01-28 00:36:32,716] Collecting responses
[INFO|2025-01-28 00:37:44,001] Evaluating fitness
[INFO|2025-01-28 00:37:45,637] Collecting responses
[INFO|2025-01-28 00:38:49,332] Evaluating fitness
[INFO|2025-01-28 00:38:49,764] Collecting responses
[INFO|2025-01-28 00:39:31,113] Evaluating fitness
[INFO|2025-01-28 00:39:33,570] Collecting responses
[INFO|2025-01-28 00:40:44,533] Evaluating fitness
[INFO|2025-01-28 00:40:44,971] Collecting responses
[INFO|2025-01-28 00:41:45,357] Evaluating fitness
[INFO|2025-01-28 00:41:47,716] Collecting responses
[INFO|2025-01-28 00:42:48,440] Evaluating fitness
[INFO|2025-01-28 00:42:48,882] Collecting responses
[INFO|2025-01-28 00:43:24,280] Evaluating fitness
[INFO|2025-01-28 00:43:24,708] Max: 0.84375 | Min: 0.0 | Avrg: 0.6796875
[INFO|2025-01-28 00:43:24,708] Writing to /home/simon/Documents/Uni/seminar_prompt_engineering/src/results/pjlCZ1X9/population_1.json
[INFO|2025-01-28 00:43:24,709] Generatin population... 2
[INFO|2025-01-28 00:43:26,658] Collecting responses
[INFO|2025-01-28 00:44:29,305] Evaluating fitness
[INFO|2025-01-28 00:44:29,795] Collecting responses
[INFO|2025-01-28 00:45:30,233] Evaluating fitness
[INFO|2025-01-28 00:45:32,448] Collecting responses
[INFO|2025-01-28 00:46:32,697] Evaluating fitness
[INFO|2025-01-28 00:46:33,131] Collecting responses
[INFO|2025-01-28 00:47:30,219] Evaluating fitness
[INFO|2025-01-28 00:47:31,475] Collecting responses
[INFO|2025-01-28 00:48:36,501] Evaluating fitness
[INFO|2025-01-28 00:48:36,934] Collecting responses
[INFO|2025-01-28 00:49:33,846] Evaluating fitness
[INFO|2025-01-28 00:49:36,086] Collecting responses
[INFO|2025-01-28 00:50:44,502] Evaluating fitness
[INFO|2025-01-28 00:50:44,933] Collecting responses
[INFO|2025-01-28 00:51:53,522] Evaluating fitness
[INFO|2025-01-28 00:51:55,875] Collecting responses
[INFO|2025-01-28 00:52:57,626] Evaluating fitness
[INFO|2025-01-28 00:52:58,059] Collecting responses
[INFO|2025-01-28 00:53:51,640] Evaluating fitness
[INFO|2025-01-28 00:53:54,048] Collecting responses
[INFO|2025-01-28 00:54:58,870] Evaluating fitness
[INFO|2025-01-28 00:54:59,306] Collecting responses
[INFO|2025-01-28 00:55:59,902] Evaluating fitness
[INFO|2025-01-28 00:56:02,356] Collecting responses
[INFO|2025-01-28 00:57:04,517] Evaluating fitness
[INFO|2025-01-28 00:57:04,949] Collecting responses
[INFO|2025-01-28 00:58:00,838] Evaluating fitness
[INFO|2025-01-28 00:58:02,066] Collecting responses
[INFO|2025-01-28 00:58:59,717] Evaluating fitness
[INFO|2025-01-28 00:59:00,169] Collecting responses
[INFO|2025-01-28 00:59:51,738] Evaluating fitness
[INFO|2025-01-28 00:59:53,273] Collecting responses
[INFO|2025-01-28 01:00:57,887] Evaluating fitness
[INFO|2025-01-28 01:00:58,315] Collecting responses
[INFO|2025-01-28 01:02:05,575] Evaluating fitness
[INFO|2025-01-28 01:02:07,542] Collecting responses
[INFO|2025-01-28 01:03:12,853] Evaluating fitness
[INFO|2025-01-28 01:03:13,288] Collecting responses
[INFO|2025-01-28 01:04:12,449] Evaluating fitness
[INFO|2025-01-28 01:04:15,213] Collecting responses
[INFO|2025-01-28 01:05:25,051] Evaluating fitness
[INFO|2025-01-28 01:05:25,486] Collecting responses
[INFO|2025-01-28 01:06:24,854] Evaluating fitness
[INFO|2025-01-28 01:06:27,208] Collecting responses
[INFO|2025-01-28 01:07:30,288] Evaluating fitness
[INFO|2025-01-28 01:07:30,724] Collecting responses
[INFO|2025-01-28 01:08:22,716] Evaluating fitness
[INFO|2025-01-28 01:08:24,868] Collecting responses
[INFO|2025-01-28 01:09:27,435] Evaluating fitness
[INFO|2025-01-28 01:09:27,868] Collecting responses
[INFO|2025-01-28 01:10:28,048] Evaluating fitness
[INFO|2025-01-28 01:10:30,420] Collecting responses
[INFO|2025-01-28 01:11:43,424] Evaluating fitness
[INFO|2025-01-28 01:11:43,860] Collecting responses
[INFO|2025-01-28 01:12:46,238] Evaluating fitness
[INFO|2025-01-28 01:12:48,653] Collecting responses
[INFO|2025-01-28 01:13:44,771] Evaluating fitness
[INFO|2025-01-28 01:13:45,208] Collecting responses
[INFO|2025-01-28 01:14:48,463] Evaluating fitness
[INFO|2025-01-28 01:14:50,818] Collecting responses
[INFO|2025-01-28 01:15:54,409] Evaluating fitness
[INFO|2025-01-28 01:15:54,846] Collecting responses
[INFO|2025-01-28 01:17:08,029] Evaluating fitness
[INFO|2025-01-28 01:17:09,257] Collecting responses
[INFO|2025-01-28 01:18:09,786] Evaluating fitness
[INFO|2025-01-28 01:18:10,224] Collecting responses
[INFO|2025-01-28 01:19:13,787] Evaluating fitness
[INFO|2025-01-28 01:19:16,960] Collecting responses
[INFO|2025-01-28 01:20:26,083] Evaluating fitness
[INFO|2025-01-28 01:20:26,524] Collecting responses
[INFO|2025-01-28 01:21:32,645] Evaluating fitness
[INFO|2025-01-28 01:21:34,271] Collecting responses
[INFO|2025-01-28 01:22:31,422] Evaluating fitness
[INFO|2025-01-28 01:22:31,856] Collecting responses
[INFO|2025-01-28 01:23:29,280] Evaluating fitness
[INFO|2025-01-28 01:23:29,717] Max: 0.875 | Min: 0.71875 | Avrg: 0.7765625
[INFO|2025-01-28 01:23:29,717] Writing to /home/simon/Documents/Uni/seminar_prompt_engineering/src/results/pjlCZ1X9/population_2.json
[INFO|2025-01-28 01:23:29,717] Generatin population... 3
[INFO|2025-01-28 01:23:31,121] Collecting responses
[INFO|2025-01-28 01:24:32,768] Evaluating fitness
[INFO|2025-01-28 01:24:33,207] Collecting responses
[INFO|2025-01-28 01:25:32,774] Evaluating fitness
[INFO|2025-01-28 01:25:34,162] Collecting responses
[INFO|2025-01-28 01:26:35,749] Evaluating fitness
[INFO|2025-01-28 01:26:36,182] Collecting responses
[INFO|2025-01-28 01:27:29,935] Evaluating fitness
[INFO|2025-01-28 01:27:31,355] Collecting responses
[INFO|2025-01-28 01:28:29,522] Evaluating fitness
[INFO|2025-01-28 01:28:29,958] Collecting responses
[INFO|2025-01-28 01:29:26,150] Evaluating fitness
[INFO|2025-01-28 01:29:28,619] Collecting responses
[INFO|2025-01-28 01:30:34,796] Evaluating fitness
[INFO|2025-01-28 01:30:35,236] Collecting responses
[INFO|2025-01-28 01:31:41,539] Evaluating fitness
[INFO|2025-01-28 01:31:44,082] Collecting responses
[INFO|2025-01-28 01:32:39,884] Evaluating fitness
[INFO|2025-01-28 01:32:40,319] Collecting responses
[INFO|2025-01-28 01:33:37,140] Evaluating fitness
[INFO|2025-01-28 01:33:39,495] Collecting responses
[INFO|2025-01-28 01:34:41,040] Evaluating fitness
[INFO|2025-01-28 01:34:41,477] Collecting responses
[INFO|2025-01-28 01:35:36,852] Evaluating fitness
[INFO|2025-01-28 01:35:39,718] Collecting responses
[INFO|2025-01-28 01:36:42,494] Evaluating fitness
[INFO|2025-01-28 01:36:42,937] Collecting responses
[INFO|2025-01-28 01:37:37,894] Evaluating fitness
[INFO|2025-01-28 01:37:40,658] Collecting responses
[INFO|2025-01-28 01:38:40,018] Evaluating fitness
[INFO|2025-01-28 01:38:40,458] Collecting responses
[INFO|2025-01-28 01:39:50,303] Evaluating fitness
[INFO|2025-01-28 01:39:56,718] Collecting responses
[INFO|2025-01-28 01:40:51,634] Evaluating fitness
[INFO|2025-01-28 01:40:52,069] Collecting responses
[INFO|2025-01-28 01:41:48,682] Evaluating fitness
[INFO|2025-01-28 01:41:51,344] Collecting responses
[INFO|2025-01-28 01:42:54,015] Evaluating fitness
[INFO|2025-01-28 01:42:54,453] Collecting responses
[INFO|2025-01-28 01:43:44,193] Evaluating fitness
[INFO|2025-01-28 01:43:46,317] Collecting responses
[INFO|2025-01-28 01:44:49,729] Evaluating fitness
[INFO|2025-01-28 01:44:50,162] Collecting responses
[INFO|2025-01-28 01:46:08,070] Evaluating fitness
[INFO|2025-01-28 01:46:10,538] Collecting responses
[INFO|2025-01-28 01:47:11,969] Evaluating fitness
[INFO|2025-01-28 01:47:12,403] Collecting responses
[INFO|2025-01-28 01:48:19,862] Evaluating fitness
[INFO|2025-01-28 01:48:22,525] Collecting responses
[INFO|2025-01-28 01:49:28,045] Evaluating fitness
[INFO|2025-01-28 01:49:28,479] Collecting responses
[INFO|2025-01-28 01:50:26,942] Evaluating fitness
[INFO|2025-01-28 01:50:29,503] Collecting responses
[INFO|2025-01-28 01:51:26,442] Evaluating fitness
[INFO|2025-01-28 01:51:26,890] Collecting responses
[INFO|2025-01-28 01:52:30,954] Evaluating fitness
[INFO|2025-01-28 01:52:34,025] Collecting responses
[INFO|2025-01-28 01:53:32,396] Evaluating fitness
[INFO|2025-01-28 01:53:32,834] Collecting responses
[INFO|2025-01-28 01:54:31,175] Evaluating fitness
[INFO|2025-01-28 01:54:33,222] Collecting responses
[INFO|2025-01-28 01:55:35,065] Evaluating fitness
[INFO|2025-01-28 01:55:35,513] Collecting responses
[INFO|2025-01-28 01:56:25,866] Evaluating fitness
[INFO|2025-01-28 01:56:28,416] Collecting responses
[INFO|2025-01-28 01:57:24,850] Evaluating fitness
[INFO|2025-01-28 01:57:25,286] Collecting responses
[INFO|2025-01-28 01:58:25,166] Evaluating fitness
[INFO|2025-01-28 01:58:28,132] Collecting responses
[INFO|2025-01-28 01:59:23,228] Evaluating fitness
[INFO|2025-01-28 01:59:23,660] Collecting responses
[INFO|2025-01-28 02:00:27,434] Evaluating fitness
[INFO|2025-01-28 02:00:29,276] Collecting responses
[INFO|2025-01-28 02:01:26,930] Evaluating fitness
[INFO|2025-01-28 02:01:27,382] Collecting responses
[INFO|2025-01-28 02:02:23,455] Evaluating fitness
[INFO|2025-01-28 02:02:23,896] Max: 0.875 | Min: 0.59375 | Avrg: 0.7484375
[INFO|2025-01-28 02:02:23,896] Writing to /home/simon/Documents/Uni/seminar_prompt_engineering/src/results/pjlCZ1X9/population_3.json
[INFO|2025-01-28 02:02:23,896] Generatin population... 4
[INFO|2025-01-28 02:02:24,685] Collecting responses
[INFO|2025-01-28 02:03:23,464] Evaluating fitness
[INFO|2025-01-28 02:03:23,900] Collecting responses
[INFO|2025-01-28 02:04:22,136] Evaluating fitness
[INFO|2025-01-28 02:04:23,471] Collecting responses
[INFO|2025-01-28 02:05:28,395] Evaluating fitness
[INFO|2025-01-28 02:05:28,833] Collecting responses
[INFO|2025-01-28 02:06:32,704] Evaluating fitness
[INFO|2025-01-28 02:06:33,143] Collecting responses
[INFO|2025-01-28 02:07:30,760] Evaluating fitness
[INFO|2025-01-28 02:07:31,210] Collecting responses
[INFO|2025-01-28 02:08:34,550] Evaluating fitness
[INFO|2025-01-28 02:08:36,290] Collecting responses
[INFO|2025-01-28 02:09:37,418] Evaluating fitness
[INFO|2025-01-28 02:09:37,855] Collecting responses
[INFO|2025-01-28 02:10:34,938] Evaluating fitness
[INFO|2025-01-28 02:10:36,823] Collecting responses
[INFO|2025-01-28 02:11:40,291] Evaluating fitness
[INFO|2025-01-28 02:11:40,727] Collecting responses
[INFO|2025-01-28 02:12:36,200] Evaluating fitness
[INFO|2025-01-28 02:12:38,657] Collecting responses
[INFO|2025-01-28 02:13:19,514] Evaluating fitness
[INFO|2025-01-28 02:13:19,948] Collecting responses
[INFO|2025-01-28 02:14:23,715] Evaluating fitness
[INFO|2025-01-28 02:14:24,149] Collecting responses
[INFO|2025-01-28 02:15:24,028] Evaluating fitness
[INFO|2025-01-28 02:15:24,463] Collecting responses
[INFO|2025-01-28 02:16:29,553] Evaluating fitness
[INFO|2025-01-28 02:16:30,780] Collecting responses
[INFO|2025-01-28 02:17:31,708] Evaluating fitness
[INFO|2025-01-28 02:17:32,148] Collecting responses
[INFO|2025-01-28 02:18:24,658] Evaluating fitness
[INFO|2025-01-28 02:18:27,319] Collecting responses
[INFO|2025-01-28 02:19:22,308] Evaluating fitness
[INFO|2025-01-28 02:19:22,751] Collecting responses
[INFO|2025-01-28 02:20:15,453] Evaluating fitness
[INFO|2025-01-28 02:20:16,660] Collecting responses
[INFO|2025-01-28 02:21:21,090] Evaluating fitness
[INFO|2025-01-28 02:21:21,526] Collecting responses
[INFO|2025-01-28 02:22:27,445] Evaluating fitness
[INFO|2025-01-28 02:22:29,799] Collecting responses
[INFO|2025-01-28 02:23:33,493] Evaluating fitness
[INFO|2025-01-28 02:23:33,935] Collecting responses
[INFO|2025-01-28 02:24:27,141] Evaluating fitness
[INFO|2025-01-28 02:24:29,300] Collecting responses
[INFO|2025-01-28 02:25:26,439] Evaluating fitness
[INFO|2025-01-28 02:25:26,887] Collecting responses
[INFO|2025-01-28 02:26:37,813] Evaluating fitness
[INFO|2025-01-28 02:26:39,742] Collecting responses
[INFO|2025-01-28 02:27:35,771] Evaluating fitness
[INFO|2025-01-28 02:27:36,206] Collecting responses
[INFO|2025-01-28 02:28:46,210] Evaluating fitness
[INFO|2025-01-28 02:28:47,551] Collecting responses
[INFO|2025-01-28 02:29:43,904] Evaluating fitness
[INFO|2025-01-28 02:29:44,343] Collecting responses
[INFO|2025-01-28 02:30:43,342] Evaluating fitness
[INFO|2025-01-28 02:30:48,590] Collecting responses
[INFO|2025-01-28 02:31:48,290] Evaluating fitness
[INFO|2025-01-28 02:31:48,742] Collecting responses
[INFO|2025-01-28 02:33:03,247] Evaluating fitness
[INFO|2025-01-28 02:33:05,498] Collecting responses
[INFO|2025-01-28 02:34:09,706] Evaluating fitness
[INFO|2025-01-28 02:34:10,146] Collecting responses
[INFO|2025-01-28 02:35:05,505] Evaluating fitness
[INFO|2025-01-28 02:35:06,776] Collecting responses
[INFO|2025-01-28 02:36:04,087] Evaluating fitness
[INFO|2025-01-28 02:36:04,522] Collecting responses
[INFO|2025-01-28 02:37:17,303] Evaluating fitness
[INFO|2025-01-28 02:37:19,483] Collecting responses
[INFO|2025-01-28 02:38:27,039] Evaluating fitness
[INFO|2025-01-28 02:38:27,477] Collecting responses
[INFO|2025-01-28 02:39:37,685] Evaluating fitness
[INFO|2025-01-28 02:39:39,230] Collecting responses
[INFO|2025-01-28 02:40:34,323] Evaluating fitness
[INFO|2025-01-28 02:40:34,763] Collecting responses
[INFO|2025-01-28 02:41:35,354] Evaluating fitness
[INFO|2025-01-28 02:41:35,828] Max: 0.875 | Min: 0.40625 | Avrg: 0.7296875
[INFO|2025-01-28 02:41:35,828] Writing to /home/simon/Documents/Uni/seminar_prompt_engineering/src/results/pjlCZ1X9/population_4.json
[INFO|2025-01-28 02:41:35,829] Generatin population... 5
[INFO|2025-01-28 02:41:36,684] Collecting responses
[INFO|2025-01-28 02:42:38,842] Evaluating fitness
[INFO|2025-01-28 02:42:39,282] Collecting responses
[INFO|2025-01-28 02:43:51,139] Evaluating fitness
[INFO|2025-01-28 02:43:53,596] Collecting responses
[INFO|2025-01-28 02:44:45,515] Evaluating fitness
[INFO|2025-01-28 02:44:45,954] Collecting responses
[INFO|2025-01-28 02:45:47,877] Evaluating fitness
[INFO|2025-01-28 02:45:49,207] Collecting responses
[INFO|2025-01-28 02:46:50,239] Evaluating fitness
[INFO|2025-01-28 02:46:50,681] Collecting responses
[INFO|2025-01-28 02:47:47,688] Evaluating fitness
[INFO|2025-01-28 02:47:49,221] Collecting responses
[INFO|2025-01-28 02:48:42,441] Evaluating fitness
[INFO|2025-01-28 02:48:42,877] Collecting responses
[INFO|2025-01-28 02:49:43,811] Evaluating fitness
[INFO|2025-01-28 02:49:44,248] Collecting responses
[INFO|2025-01-28 02:50:41,667] Evaluating fitness
[INFO|2025-01-28 02:50:42,109] Collecting responses
[INFO|2025-01-28 02:51:47,204] Evaluating fitness
[INFO|2025-01-28 02:51:48,531] Collecting responses
[INFO|2025-01-28 02:52:48,029] Evaluating fitness
[INFO|2025-01-28 02:52:48,460] Collecting responses
[INFO|2025-01-28 02:53:41,757] Evaluating fitness
[INFO|2025-01-28 02:53:43,122] Collecting responses
[INFO|2025-01-28 02:54:42,515] Evaluating fitness
[INFO|2025-01-28 02:54:42,958] Collecting responses
[INFO|2025-01-28 02:55:45,795] Evaluating fitness
[INFO|2025-01-28 02:55:47,435] Collecting responses
[INFO|2025-01-28 02:56:47,547] Evaluating fitness
[INFO|2025-01-28 02:56:48,007] Collecting responses
[INFO|2025-01-28 02:57:54,311] Evaluating fitness
[INFO|2025-01-28 02:57:56,565] Collecting responses
[INFO|2025-01-28 02:58:56,061] Evaluating fitness
[INFO|2025-01-28 02:58:56,503] Collecting responses
[INFO|2025-01-28 03:00:16,804] Evaluating fitness
[INFO|2025-01-28 03:00:18,698] Collecting responses
[INFO|2025-01-28 03:01:29,971] Evaluating fitness
[INFO|2025-01-28 03:01:30,408] Collecting responses
[INFO|2025-01-28 03:02:25,780] Evaluating fitness
[INFO|2025-01-28 03:02:31,820] Collecting responses
[INFO|2025-01-28 03:03:41,965] Evaluating fitness
[INFO|2025-01-28 03:03:42,417] Collecting responses
[INFO|2025-01-28 03:04:54,056] Evaluating fitness
[INFO|2025-01-28 03:04:54,488] Collecting responses
[INFO|2025-01-28 03:05:52,220] Evaluating fitness
[INFO|2025-01-28 03:05:52,661] Collecting responses
[INFO|2025-01-28 03:06:51,918] Evaluating fitness
[INFO|2025-01-28 03:06:54,787] Collecting responses
[INFO|2025-01-28 03:07:54,692] Evaluating fitness
[INFO|2025-01-28 03:07:55,132] Collecting responses
[INFO|2025-01-28 03:09:04,471] Evaluating fitness
[INFO|2025-01-28 03:09:06,577] Collecting responses
[INFO|2025-01-28 03:10:20,100] Evaluating fitness
[INFO|2025-01-28 03:10:20,548] Collecting responses
[INFO|2025-01-28 03:11:30,961] Evaluating fitness
[INFO|2025-01-28 03:11:32,294] Collecting responses
[INFO|2025-01-28 03:12:36,295] Evaluating fitness
[INFO|2025-01-28 03:12:36,724] Collecting responses
[INFO|2025-01-28 03:13:30,670] Evaluating fitness
[INFO|2025-01-28 03:13:32,818] Collecting responses
[INFO|2025-01-28 03:14:43,785] Evaluating fitness
[INFO|2025-01-28 03:14:44,226] Collecting responses
[INFO|2025-01-28 03:15:46,966] Evaluating fitness
[INFO|2025-01-28 03:15:48,297] Collecting responses
[INFO|2025-01-28 03:16:43,389] Evaluating fitness
[INFO|2025-01-28 03:16:43,828] Collecting responses
[INFO|2025-01-28 03:18:02,033] Evaluating fitness
[INFO|2025-01-28 03:18:04,284] Collecting responses
[INFO|2025-01-28 03:19:14,087] Evaluating fitness
[INFO|2025-01-28 03:19:14,523] Collecting responses
[INFO|2025-01-28 03:20:22,937] Evaluating fitness
[INFO|2025-01-28 03:20:25,394] Collecting responses
[INFO|2025-01-28 03:21:38,915] Evaluating fitness
[INFO|2025-01-28 03:21:39,343] Collecting responses
[INFO|2025-01-28 03:22:46,186] Evaluating fitness
[INFO|2025-01-28 03:22:46,642] Max: 0.875 | Min: 0.3125 | Avrg: 0.6875
[INFO|2025-01-28 03:22:46,643] Writing to /home/simon/Documents/Uni/seminar_prompt_engineering/src/results/pjlCZ1X9/population_5.json
[INFO|2025-01-28 03:22:46,643] Generatin population... 6
[INFO|2025-01-28 03:22:48,652] Collecting responses
[INFO|2025-01-28 03:23:55,418] Evaluating fitness
[INFO|2025-01-28 03:23:55,850] Collecting responses
[INFO|2025-01-28 03:24:56,450] Evaluating fitness
[INFO|2025-01-28 03:24:57,780] Collecting responses
[INFO|2025-01-28 03:25:59,629] Evaluating fitness
[INFO|2025-01-28 03:26:00,058] Collecting responses
[INFO|2025-01-28 03:26:52,060] Evaluating fitness
[INFO|2025-01-28 03:26:53,493] Collecting responses
[INFO|2025-01-28 03:27:49,299] Evaluating fitness
[INFO|2025-01-28 03:27:49,744] Collecting responses
[INFO|2025-01-28 03:28:59,239] Evaluating fitness
[INFO|2025-01-28 03:29:01,997] Collecting responses
[INFO|2025-01-28 03:30:04,780] Evaluating fitness
[INFO|2025-01-28 03:30:05,214] Collecting responses
[INFO|2025-01-28 03:31:09,683] Evaluating fitness
[INFO|2025-01-28 03:31:12,047] Collecting responses
[INFO|2025-01-28 03:32:12,781] Evaluating fitness
[INFO|2025-01-28 03:32:13,217] Collecting responses
[INFO|2025-01-28 03:33:07,872] Evaluating fitness
[INFO|2025-01-28 03:33:10,534] Collecting responses
[INFO|2025-01-28 03:34:10,225] Evaluating fitness
[INFO|2025-01-28 03:34:10,680] Collecting responses
[INFO|2025-01-28 03:35:14,234] Evaluating fitness
[INFO|2025-01-28 03:35:16,607] Collecting responses
[INFO|2025-01-28 03:36:18,251] Evaluating fitness
[INFO|2025-01-28 03:36:18,691] Collecting responses
[INFO|2025-01-28 03:37:27,869] Evaluating fitness
[INFO|2025-01-28 03:37:30,316] Collecting responses
[INFO|2025-01-28 03:38:38,423] Evaluating fitness
[INFO|2025-01-28 03:38:38,861] Collecting responses
[INFO|2025-01-28 03:39:45,189] Evaluating fitness
[INFO|2025-01-28 03:39:47,645] Collecting responses
[INFO|2025-01-28 03:40:50,316] Evaluating fitness
[INFO|2025-01-28 03:40:50,772] Collecting responses
[INFO|2025-01-28 03:42:03,943] Evaluating fitness
[INFO|2025-01-28 03:42:06,911] Collecting responses
[INFO|2025-01-28 03:43:10,094] Evaluating fitness
[INFO|2025-01-28 03:43:10,529] Collecting responses
[INFO|2025-01-28 03:44:19,624] Evaluating fitness
[INFO|2025-01-28 03:44:22,080] Collecting responses
[INFO|2025-01-28 03:45:21,884] Evaluating fitness
[INFO|2025-01-28 03:45:22,318] Collecting responses
[INFO|2025-01-28 03:46:32,541] Evaluating fitness
[INFO|2025-01-28 03:46:33,972] Collecting responses
[INFO|2025-01-28 03:47:32,548] Evaluating fitness
[INFO|2025-01-28 03:47:32,993] Collecting responses
[INFO|2025-01-28 03:48:29,380] Evaluating fitness
[INFO|2025-01-28 03:48:31,939] Collecting responses
[INFO|2025-01-28 03:49:37,374] Evaluating fitness
[INFO|2025-01-28 03:49:37,809] Collecting responses
[INFO|2025-01-28 03:50:41,059] Evaluating fitness
[INFO|2025-01-28 03:50:43,721] Collecting responses
[INFO|2025-01-28 03:51:46,479] Evaluating fitness
[INFO|2025-01-28 03:51:46,919] Collecting responses
[INFO|2025-01-28 03:52:56,341] Evaluating fitness
[INFO|2025-01-28 03:52:58,890] Collecting responses
[INFO|2025-01-28 03:53:57,679] Evaluating fitness
[INFO|2025-01-28 03:53:58,132] Collecting responses
[INFO|2025-01-28 03:55:13,251] Evaluating fitness
[INFO|2025-01-28 03:55:15,604] Collecting responses
[INFO|2025-01-28 03:56:16,834] Evaluating fitness
[INFO|2025-01-28 03:56:17,275] Collecting responses
[INFO|2025-01-28 03:57:24,222] Evaluating fitness
[INFO|2025-01-28 03:57:26,679] Collecting responses
[INFO|2025-01-28 03:58:28,222] Evaluating fitness
[INFO|2025-01-28 03:58:28,663] Collecting responses
[INFO|2025-01-28 03:59:31,098] Evaluating fitness
[INFO|2025-01-28 03:59:32,737] Collecting responses
[INFO|2025-01-28 04:00:30,489] Evaluating fitness
[INFO|2025-01-28 04:00:30,934] Collecting responses
[INFO|2025-01-28 04:01:49,852] Evaluating fitness
[INFO|2025-01-28 04:01:53,126] Collecting responses
[INFO|2025-01-28 04:02:53,852] Evaluating fitness
[INFO|2025-01-28 04:02:54,295] Collecting responses
[INFO|2025-01-28 04:03:52,732] Evaluating fitness
[INFO|2025-01-28 04:03:53,165] Max: 0.875 | Min: 0.65625 | Avrg: 0.740625
[INFO|2025-01-28 04:03:53,165] Writing to /home/simon/Documents/Uni/seminar_prompt_engineering/src/results/pjlCZ1X9/population_6.json
[INFO|2025-01-28 04:03:53,165] Generatin population... 7
[INFO|2025-01-28 04:03:54,165] Collecting responses
[INFO|2025-01-28 04:04:48,541] Evaluating fitness
[INFO|2025-01-28 04:04:48,979] Collecting responses
[INFO|2025-01-28 04:05:52,130] Evaluating fitness
[INFO|2025-01-28 04:05:54,180] Collecting responses
[INFO|2025-01-28 04:06:54,393] Evaluating fitness
[INFO|2025-01-28 04:06:54,843] Collecting responses
[INFO|2025-01-28 04:07:46,337] Evaluating fitness
[INFO|2025-01-28 04:07:47,734] Collecting responses
[INFO|2025-01-28 04:08:53,588] Evaluating fitness
[INFO|2025-01-28 04:08:54,023] Collecting responses
[INFO|2025-01-28 04:09:53,389] Evaluating fitness
[INFO|2025-01-28 04:09:56,462] Collecting responses
[INFO|2025-01-28 04:11:02,101] Evaluating fitness
[INFO|2025-01-28 04:11:02,544] Collecting responses
[INFO|2025-01-28 04:12:02,928] Evaluating fitness
[INFO|2025-01-28 04:12:05,385] Collecting responses
[INFO|2025-01-28 04:13:04,778] Evaluating fitness
[INFO|2025-01-28 04:13:05,225] Collecting responses
[INFO|2025-01-28 04:13:57,310] Evaluating fitness
[INFO|2025-01-28 04:13:57,753] Collecting responses
[INFO|2025-01-28 04:14:52,914] Evaluating fitness
[INFO|2025-01-28 04:14:53,354] Collecting responses
[INFO|2025-01-28 04:15:54,048] Evaluating fitness
[INFO|2025-01-28 04:15:56,812] Collecting responses
[INFO|2025-01-28 04:16:56,407] Evaluating fitness
[INFO|2025-01-28 04:16:56,842] Collecting responses
[INFO|2025-01-28 04:17:49,863] Evaluating fitness
[INFO|2025-01-28 04:17:51,390] Collecting responses
[INFO|2025-01-28 04:18:46,793] Evaluating fitness
[INFO|2025-01-28 04:18:47,232] Collecting responses
[INFO|2025-01-28 04:19:47,726] Evaluating fitness
[INFO|2025-01-28 04:19:50,693] Collecting responses
[INFO|2025-01-28 04:20:51,587] Evaluating fitness
[INFO|2025-01-28 04:20:52,031] Collecting responses
[INFO|2025-01-28 04:21:49,276] Evaluating fitness
[INFO|2025-01-28 04:21:49,708] Collecting responses
[INFO|2025-01-28 04:22:47,134] Evaluating fitness
[INFO|2025-01-28 04:22:47,577] Collecting responses
[INFO|2025-01-28 04:23:43,040] Evaluating fitness
[INFO|2025-01-28 04:23:45,604] Collecting responses
[INFO|2025-01-28 04:24:41,105] Evaluating fitness
[INFO|2025-01-28 04:24:41,539] Collecting responses
[INFO|2025-01-28 04:25:44,799] Evaluating fitness
[INFO|2025-01-28 04:25:46,947] Collecting responses
[INFO|2025-01-28 04:26:46,471] Evaluating fitness
[INFO|2025-01-28 04:26:46,910] Collecting responses
[INFO|2025-01-28 04:27:43,378] Evaluating fitness
[INFO|2025-01-28 04:27:44,808] Collecting responses
[INFO|2025-01-28 04:28:44,307] Evaluating fitness
[INFO|2025-01-28 04:28:44,748] Collecting responses
[INFO|2025-01-28 04:29:37,555] Evaluating fitness
[INFO|2025-01-28 04:29:38,988] Collecting responses
[INFO|2025-01-28 04:30:36,026] Evaluating fitness
[INFO|2025-01-28 04:30:36,458] Collecting responses
[INFO|2025-01-28 04:31:40,231] Evaluating fitness
[INFO|2025-01-28 04:31:43,302] Collecting responses
[INFO|2025-01-28 04:32:50,884] Evaluating fitness
[INFO|2025-01-28 04:32:51,321] Collecting responses
[INFO|2025-01-28 04:33:46,739] Evaluating fitness
[INFO|2025-01-28 04:33:49,255] Collecting responses
[INFO|2025-01-28 04:34:48,444] Evaluating fitness
[INFO|2025-01-28 04:34:48,884] Collecting responses
[INFO|2025-01-28 04:35:50,701] Evaluating fitness
[INFO|2025-01-28 04:35:53,262] Collecting responses
[INFO|2025-01-28 04:36:59,926] Evaluating fitness
[INFO|2025-01-28 04:37:00,368] Collecting responses
[INFO|2025-01-28 04:37:57,783] Evaluating fitness
[INFO|2025-01-28 04:38:00,138] Collecting responses
[INFO|2025-01-28 04:39:02,499] Evaluating fitness
[INFO|2025-01-28 04:39:02,943] Collecting responses
[INFO|2025-01-28 04:39:59,230] Evaluating fitness
[INFO|2025-01-28 04:40:01,685] Collecting responses
[INFO|2025-01-28 04:40:59,134] Evaluating fitness
[INFO|2025-01-28 04:40:59,578] Collecting responses
[INFO|2025-01-28 04:41:49,005] Evaluating fitness
[INFO|2025-01-28 04:41:49,445] Max: 0.875 | Min: 0.6875 | Avrg: 0.7703125
[INFO|2025-01-28 04:41:49,446] Writing to /home/simon/Documents/Uni/seminar_prompt_engineering/src/results/pjlCZ1X9/population_7.json
[INFO|2025-01-28 04:41:49,446] Generatin population... 8
[INFO|2025-01-28 04:41:50,435] Collecting responses
[INFO|2025-01-28 04:42:46,283] Evaluating fitness
[INFO|2025-01-28 04:42:46,723] Collecting responses
[INFO|2025-01-28 04:43:41,953] Evaluating fitness
[INFO|2025-01-28 04:43:45,024] Collecting responses
[INFO|2025-01-28 04:44:49,332] Evaluating fitness
[INFO|2025-01-28 04:44:49,778] Collecting responses
[INFO|2025-01-28 04:46:00,092] Evaluating fitness
[INFO|2025-01-28 04:46:02,548] Collecting responses
[INFO|2025-01-28 04:47:06,039] Evaluating fitness
[INFO|2025-01-28 04:47:06,475] Collecting responses
[INFO|2025-01-28 04:48:03,892] Evaluating fitness
[INFO|2025-01-28 04:48:05,326] Collecting responses
[INFO|2025-01-28 04:49:07,476] Evaluating fitness
[INFO|2025-01-28 04:49:07,917] Collecting responses
[INFO|2025-01-28 04:50:13,943] Evaluating fitness
[INFO|2025-01-28 04:50:15,374] Collecting responses
[INFO|2025-01-28 04:51:15,897] Evaluating fitness
[INFO|2025-01-28 04:51:16,335] Collecting responses
[INFO|2025-01-28 04:52:11,398] Evaluating fitness
[INFO|2025-01-28 04:52:13,343] Collecting responses
[INFO|2025-01-28 04:53:16,184] Evaluating fitness
[INFO|2025-01-28 04:53:16,631] Collecting responses
[INFO|2025-01-28 04:54:14,176] Evaluating fitness
[INFO|2025-01-28 04:54:16,019] Collecting responses
[INFO|2025-01-28 04:55:17,758] Evaluating fitness
[INFO|2025-01-28 04:55:18,202] Collecting responses
[INFO|2025-01-28 04:56:11,938] Evaluating fitness
[INFO|2025-01-28 04:56:13,268] Collecting responses
[INFO|2025-01-28 04:57:06,924] Evaluating fitness
[INFO|2025-01-28 04:57:07,382] Collecting responses
[INFO|2025-01-28 04:58:04,170] Evaluating fitness
[INFO|2025-01-28 04:58:05,500] Collecting responses
[INFO|2025-01-28 04:59:06,030] Evaluating fitness
[INFO|2025-01-28 04:59:06,472] Collecting responses
[INFO|2025-01-28 04:59:59,512] Evaluating fitness
[INFO|2025-01-28 05:00:00,908] Collecting responses
[INFO|2025-01-28 05:01:05,926] Evaluating fitness
[INFO|2025-01-28 05:01:06,364] Collecting responses
[INFO|2025-01-28 05:01:59,796] Evaluating fitness
[INFO|2025-01-28 05:02:06,353] Collecting responses
[INFO|2025-01-28 05:03:09,840] Evaluating fitness
[INFO|2025-01-28 05:03:10,292] Collecting responses
[INFO|2025-01-28 05:04:09,544] Evaluating fitness
[INFO|2025-01-28 05:04:11,079] Collecting responses
[INFO|2025-01-28 05:05:20,509] Evaluating fitness
[INFO|2025-01-28 05:05:20,952] Collecting responses
[INFO|2025-01-28 05:06:12,938] Evaluating fitness
[INFO|2025-01-28 05:06:14,269] Collecting responses
[INFO|2025-01-28 05:07:06,802] Evaluating fitness
[INFO|2025-01-28 05:07:07,238] Collecting responses
[INFO|2025-01-28 05:08:04,147] Evaluating fitness
[INFO|2025-01-28 05:08:05,683] Collecting responses
[INFO|2025-01-28 05:09:06,817] Evaluating fitness
[INFO|2025-01-28 05:09:07,266] Collecting responses
[INFO|2025-01-28 05:09:59,554] Evaluating fitness
[INFO|2025-01-28 05:10:01,908] Collecting responses
[INFO|2025-01-28 05:11:10,108] Evaluating fitness
[INFO|2025-01-28 05:11:10,554] Collecting responses
[INFO|2025-01-28 05:12:07,864] Evaluating fitness
[INFO|2025-01-28 05:12:10,116] Collecting responses
[INFO|2025-01-28 05:13:06,847] Evaluating fitness
[INFO|2025-01-28 05:13:07,289] Collecting responses
[INFO|2025-01-28 05:14:13,408] Evaluating fitness
[INFO|2025-01-28 05:14:15,660] Collecting responses
[INFO|2025-01-28 05:15:25,643] Evaluating fitness
[INFO|2025-01-28 05:15:26,094] Collecting responses
[INFO|2025-01-28 05:16:28,579] Evaluating fitness
[INFO|2025-01-28 05:16:30,831] Collecting responses
[INFO|2025-01-28 05:17:30,634] Evaluating fitness
[INFO|2025-01-28 05:17:31,067] Collecting responses
[INFO|2025-01-28 05:18:28,184] Evaluating fitness
[INFO|2025-01-28 05:18:29,515] Collecting responses
[INFO|2025-01-28 05:19:28,796] Evaluating fitness
[INFO|2025-01-28 05:19:29,240] Collecting responses
[INFO|2025-01-28 05:20:23,282] Evaluating fitness
[INFO|2025-01-28 05:20:23,727] Max: 0.875 | Min: 0.6875 | Avrg: 0.76875
[INFO|2025-01-28 05:20:23,728] Writing to /home/simon/Documents/Uni/seminar_prompt_engineering/src/results/pjlCZ1X9/population_8.json
[INFO|2025-01-28 05:20:23,728] Generatin population... 9
[INFO|2025-01-28 05:20:25,940] Collecting responses
[INFO|2025-01-28 05:21:29,844] Evaluating fitness
[INFO|2025-01-28 05:21:30,283] Collecting responses
[INFO|2025-01-28 05:22:32,719] Evaluating fitness
[INFO|2025-01-28 05:22:34,962] Collecting responses
[INFO|2025-01-28 05:23:32,521] Evaluating fitness
[INFO|2025-01-28 05:23:32,959] Collecting responses
[INFO|2025-01-28 05:24:43,690] Evaluating fitness
[INFO|2025-01-28 05:24:46,145] Collecting responses
[INFO|2025-01-28 05:25:48,101] Evaluating fitness
[INFO|2025-01-28 05:25:48,543] Collecting responses
[INFO|2025-01-28 05:26:44,422] Evaluating fitness
[INFO|2025-01-28 05:26:45,853] Collecting responses
[INFO|2025-01-28 05:27:42,484] Evaluating fitness
[INFO|2025-01-28 05:27:42,927] Collecting responses
[INFO|2025-01-28 05:28:37,777] Evaluating fitness
[INFO|2025-01-28 05:28:40,647] Collecting responses
[INFO|2025-01-28 05:29:45,365] Evaluating fitness
[INFO|2025-01-28 05:29:45,801] Collecting responses
[INFO|2025-01-28 05:30:58,481] Evaluating fitness
[INFO|2025-01-28 05:31:01,142] Collecting responses
[INFO|2025-01-28 05:32:01,180] Evaluating fitness
[INFO|2025-01-28 05:32:01,614] Collecting responses
[INFO|2025-01-28 05:33:08,427] Evaluating fitness
[INFO|2025-01-28 05:33:11,089] Collecting responses
[INFO|2025-01-28 05:34:12,734] Evaluating fitness
[INFO|2025-01-28 05:34:13,175] Collecting responses
[INFO|2025-01-28 05:35:13,867] Evaluating fitness
[INFO|2025-01-28 05:35:16,308] Collecting responses
[INFO|2025-01-28 05:36:22,577] Evaluating fitness
[INFO|2025-01-28 05:36:23,011] Collecting responses
[INFO|2025-01-28 05:37:24,222] Evaluating fitness
[INFO|2025-01-28 05:37:26,681] Collecting responses
[INFO|2025-01-28 05:38:31,093] Evaluating fitness
[INFO|2025-01-28 05:38:31,534] Collecting responses
[INFO|2025-01-28 05:39:37,746] Evaluating fitness
[INFO|2025-01-28 05:39:40,212] Collecting responses
[INFO|2025-01-28 05:40:47,592] Evaluating fitness
[INFO|2025-01-28 05:40:48,048] Collecting responses
[INFO|2025-01-28 05:41:53,950] Evaluating fitness
[INFO|2025-01-28 05:41:56,816] Collecting responses
[INFO|2025-01-28 05:42:54,226] Evaluating fitness
[INFO|2025-01-28 05:42:54,677] Collecting responses
[INFO|2025-01-28 05:43:53,143] Evaluating fitness
[INFO|2025-01-28 05:43:55,497] Collecting responses
[INFO|2025-01-28 05:44:58,186] Evaluating fitness
[INFO|2025-01-28 05:44:58,623] Collecting responses
[INFO|2025-01-28 05:46:03,331] Evaluating fitness
[INFO|2025-01-28 05:46:06,051] Collecting responses
[INFO|2025-01-28 05:47:13,339] Evaluating fitness
[INFO|2025-01-28 05:47:13,791] Collecting responses
[INFO|2025-01-28 05:48:22,041] Evaluating fitness
[INFO|2025-01-28 05:48:24,609] Collecting responses
[INFO|2025-01-28 05:49:26,339] Evaluating fitness
[INFO|2025-01-28 05:49:26,778] Collecting responses
[INFO|2025-01-28 05:50:25,440] Evaluating fitness
[INFO|2025-01-28 05:50:26,874] Collecting responses
[INFO|2025-01-28 05:51:25,963] Evaluating fitness
[INFO|2025-01-28 05:51:26,398] Collecting responses
[INFO|2025-01-28 05:52:20,031] Evaluating fitness
[INFO|2025-01-28 05:52:22,487] Collecting responses
[INFO|2025-01-28 05:53:17,888] Evaluating fitness
[INFO|2025-01-28 05:53:18,347] Collecting responses
[INFO|2025-01-28 05:54:18,611] Evaluating fitness
[INFO|2025-01-28 05:54:21,273] Collecting responses
[INFO|2025-01-28 05:55:23,943] Evaluating fitness
[INFO|2025-01-28 05:55:24,373] Collecting responses
[INFO|2025-01-28 05:56:24,770] Evaluating fitness
[INFO|2025-01-28 05:56:26,202] Collecting responses
[INFO|2025-01-28 05:57:26,312] Evaluating fitness
[INFO|2025-01-28 05:57:26,762] Collecting responses
[INFO|2025-01-28 05:58:26,013] Evaluating fitness
[INFO|2025-01-28 05:58:28,461] Collecting responses
[INFO|2025-01-28 05:59:39,742] Evaluating fitness
[INFO|2025-01-28 05:59:40,186] Collecting responses
[INFO|2025-01-28 06:00:46,793] Evaluating fitness
[INFO|2025-01-28 06:00:47,227] Max: 0.875 | Min: 0.6875 | Avrg: 0.746875
[INFO|2025-01-28 06:00:47,227] Writing to /home/simon/Documents/Uni/seminar_prompt_engineering/src/results/pjlCZ1X9/population_9.json
[INFO|2025-01-28 06:00:47,228] Generatin population... 10
[INFO|2025-01-28 06:00:49,169] Collecting responses
[INFO|2025-01-28 06:01:54,832] Evaluating fitness
[INFO|2025-01-28 06:01:55,277] Collecting responses
[INFO|2025-01-28 06:02:58,708] Evaluating fitness
[INFO|2025-01-28 06:03:00,029] Collecting responses
[INFO|2025-01-28 06:03:57,995] Evaluating fitness
[INFO|2025-01-28 06:03:58,443] Collecting responses
[INFO|2025-01-28 06:05:01,896] Evaluating fitness
[INFO|2025-01-28 06:05:04,454] Collecting responses
[INFO|2025-01-28 06:06:02,108] Evaluating fitness
[INFO|2025-01-28 06:06:02,545] Collecting responses
[INFO|2025-01-28 06:07:08,767] Evaluating fitness
[INFO|2025-01-28 06:07:11,121] Collecting responses
[INFO|2025-01-28 06:08:17,481] Evaluating fitness
[INFO|2025-01-28 06:08:17,935] Collecting responses
[INFO|2025-01-28 06:09:24,396] Evaluating fitness
[INFO|2025-01-28 06:09:26,788] Collecting responses
[INFO|2025-01-28 06:10:29,781] Evaluating fitness
[INFO|2025-01-28 06:10:30,225] Collecting responses
[INFO|2025-01-28 06:11:30,526] Evaluating fitness
[INFO|2025-01-28 06:11:32,960] Collecting responses
[INFO|2025-01-28 06:12:31,535] Evaluating fitness
[INFO|2025-01-28 06:12:31,978] Collecting responses
[INFO|2025-01-28 06:13:47,516] Evaluating fitness
[INFO|2025-01-28 06:13:49,971] Collecting responses
[INFO|2025-01-28 06:14:50,697] Evaluating fitness
[INFO|2025-01-28 06:14:51,129] Collecting responses
[INFO|2025-01-28 06:15:55,927] Evaluating fitness
[INFO|2025-01-28 06:15:57,666] Collecting responses
[INFO|2025-01-28 06:16:58,800] Evaluating fitness
[INFO|2025-01-28 06:16:59,244] Collecting responses
[INFO|2025-01-28 06:18:01,978] Evaluating fitness
[INFO|2025-01-28 06:18:03,824] Collecting responses
[INFO|2025-01-28 06:18:56,664] Evaluating fitness
[INFO|2025-01-28 06:18:57,111] Collecting responses
[INFO|2025-01-28 06:19:59,528] Evaluating fitness
[INFO|2025-01-28 06:20:01,892] Collecting responses
[INFO|2025-01-28 06:21:10,194] Evaluating fitness
[INFO|2025-01-28 06:21:10,635] Collecting responses
[INFO|2025-01-28 06:22:11,367] Evaluating fitness
[INFO|2025-01-28 06:22:13,865] Collecting responses
[INFO|2025-01-28 06:23:08,570] Evaluating fitness
[INFO|2025-01-28 06:23:09,014] Collecting responses
[INFO|2025-01-28 06:24:12,878] Evaluating fitness
[INFO|2025-01-28 06:24:16,197] Collecting responses
[INFO|2025-01-28 06:25:20,768] Evaluating fitness
[INFO|2025-01-28 06:25:21,216] Collecting responses
[INFO|2025-01-28 06:26:19,035] Evaluating fitness
[INFO|2025-01-28 06:26:21,688] Collecting responses
[INFO|2025-01-28 06:27:18,856] Evaluating fitness
[INFO|2025-01-28 06:27:19,309] Collecting responses
[INFO|2025-01-28 06:28:15,875] Evaluating fitness
[INFO|2025-01-28 06:28:19,151] Collecting responses
[INFO|2025-01-28 06:29:21,617] Evaluating fitness
[INFO|2025-01-28 06:29:22,069] Collecting responses
[INFO|2025-01-28 06:30:26,846] Evaluating fitness
[INFO|2025-01-28 06:30:29,712] Collecting responses
[INFO|2025-01-28 06:31:26,238] Evaluating fitness
[INFO|2025-01-28 06:31:26,692] Collecting responses
[INFO|2025-01-28 06:32:40,889] Evaluating fitness
[INFO|2025-01-28 06:32:43,653] Collecting responses
[INFO|2025-01-28 06:33:40,076] Evaluating fitness
[INFO|2025-01-28 06:33:40,528] Collecting responses
[INFO|2025-01-28 06:34:34,349] Evaluating fitness
[INFO|2025-01-28 06:34:35,885] Collecting responses
[INFO|2025-01-28 06:35:41,934] Evaluating fitness
[INFO|2025-01-28 06:35:42,364] Collecting responses
[INFO|2025-01-28 06:36:43,580] Evaluating fitness
[INFO|2025-01-28 06:36:45,934] Collecting responses
[INFO|2025-01-28 06:37:52,725] Evaluating fitness
[INFO|2025-01-28 06:37:53,173] Collecting responses
[INFO|2025-01-28 06:38:52,194] Evaluating fitness
[INFO|2025-01-28 06:38:53,628] Collecting responses
[INFO|2025-01-28 06:39:46,508] Evaluating fitness
[INFO|2025-01-28 06:39:46,950] Collecting responses
[INFO|2025-01-28 06:40:50,980] Evaluating fitness
[INFO|2025-01-28 06:40:51,436] Max: 0.875 | Min: 0.6875 | Avrg: 0.7609375
[INFO|2025-01-28 06:40:51,436] Writing to /home/simon/Documents/Uni/seminar_prompt_engineering/src/results/pjlCZ1X9/population_10.json
[INFO|2025-01-28 06:40:51,436] Generatin population... 11
[INFO|2025-01-28 06:40:53,335] Collecting responses
[INFO|2025-01-28 06:41:45,458] Evaluating fitness
[INFO|2025-01-28 06:41:45,891] Collecting responses
[INFO|2025-01-28 06:42:48,946] Evaluating fitness
[INFO|2025-01-28 06:42:49,384] Collecting responses
[INFO|2025-01-28 06:43:45,574] Evaluating fitness
[INFO|2025-01-28 06:43:46,019] Collecting responses
[INFO|2025-01-28 06:44:39,949] Evaluating fitness
[INFO|2025-01-28 06:44:40,385] Collecting responses
[INFO|2025-01-28 06:45:36,566] Evaluating fitness
[INFO|2025-01-28 06:45:37,007] Collecting responses
[INFO|2025-01-28 06:46:31,156] Evaluating fitness
[INFO|2025-01-28 06:46:34,125] Collecting responses
[INFO|2025-01-28 06:47:28,604] Evaluating fitness
[INFO|2025-01-28 06:47:29,063] Collecting responses
[INFO|2025-01-28 06:48:28,508] Evaluating fitness
[INFO|2025-01-28 06:48:30,963] Collecting responses
[INFO|2025-01-28 06:49:30,359] Evaluating fitness
[INFO|2025-01-28 06:49:30,793] Collecting responses
[INFO|2025-01-28 06:50:27,601] Evaluating fitness
[INFO|2025-01-28 06:50:28,037] Collecting responses
[INFO|2025-01-28 06:51:28,120] Evaluating fitness
[INFO|2025-01-28 06:51:28,558] Collecting responses
[INFO|2025-01-28 06:52:24,133] Evaluating fitness
[INFO|2025-01-28 06:52:26,412] Collecting responses
[INFO|2025-01-28 06:53:26,803] Evaluating fitness
[INFO|2025-01-28 06:53:27,252] Collecting responses
[INFO|2025-01-28 06:54:36,333] Evaluating fitness
[INFO|2025-01-28 06:54:37,765] Collecting responses
[INFO|2025-01-28 06:55:34,597] Evaluating fitness
[INFO|2025-01-28 06:55:35,037] Collecting responses
[INFO|2025-01-28 06:56:36,142] Evaluating fitness
[INFO|2025-01-28 06:56:38,488] Collecting responses
[INFO|2025-01-28 06:57:32,871] Evaluating fitness
[INFO|2025-01-28 06:57:33,324] Collecting responses
[INFO|2025-01-28 06:58:32,162] Evaluating fitness
[INFO|2025-01-28 06:58:32,594] Collecting responses
[INFO|2025-01-28 06:59:37,189] Evaluating fitness
[INFO|2025-01-28 06:59:37,637] Collecting responses
[INFO|2025-01-28 07:00:28,388] Evaluating fitness
[INFO|2025-01-28 07:00:28,829] Collecting responses
[INFO|2025-01-28 07:01:30,239] Evaluating fitness
[INFO|2025-01-28 07:01:30,672] Collecting responses
[INFO|2025-01-28 07:02:33,523] Evaluating fitness
[INFO|2025-01-28 07:02:35,877] Collecting responses
[INFO|2025-01-28 07:03:38,853] Evaluating fitness
[INFO|2025-01-28 07:03:39,288] Collecting responses
[INFO|2025-01-28 07:04:46,185] Evaluating fitness
[INFO|2025-01-28 07:04:48,485] Collecting responses
[INFO|2025-01-28 07:05:50,642] Evaluating fitness
[INFO|2025-01-28 07:05:51,089] Collecting responses
[INFO|2025-01-28 07:06:48,296] Evaluating fitness
[INFO|2025-01-28 07:06:49,618] Collecting responses
[INFO|2025-01-28 07:07:55,266] Evaluating fitness
[INFO|2025-01-28 07:07:55,701] Collecting responses
[INFO|2025-01-28 07:08:54,044] Evaluating fitness
[INFO|2025-01-28 07:08:56,502] Collecting responses
[INFO|2025-01-28 07:09:57,627] Evaluating fitness
[INFO|2025-01-28 07:09:58,082] Collecting responses
[INFO|2025-01-28 07:10:57,634] Evaluating fitness
[INFO|2025-01-28 07:11:00,713] Collecting responses
[INFO|2025-01-28 07:11:58,367] Evaluating fitness
[INFO|2025-01-28 07:11:58,814] Collecting responses
[INFO|2025-01-28 07:12:51,103] Evaluating fitness
[INFO|2025-01-28 07:12:52,534] Collecting responses
[INFO|2025-01-28 07:13:47,526] Evaluating fitness
[INFO|2025-01-28 07:13:47,970] Collecting responses
[INFO|2025-01-28 07:14:44,054] Evaluating fitness
[INFO|2025-01-28 07:14:47,227] Collecting responses
[INFO|2025-01-28 07:15:43,483] Evaluating fitness
[INFO|2025-01-28 07:15:43,928] Collecting responses
[INFO|2025-01-28 07:16:47,655] Evaluating fitness
[INFO|2025-01-28 07:16:50,214] Collecting responses
[INFO|2025-01-28 07:17:52,066] Evaluating fitness
[INFO|2025-01-28 07:17:52,522] Collecting responses
[INFO|2025-01-28 07:18:42,449] Evaluating fitness
[INFO|2025-01-28 07:18:42,889] Max: 0.875 | Min: 0.71875 | Avrg: 0.7796875
[INFO|2025-01-28 07:18:42,889] Writing to /home/simon/Documents/Uni/seminar_prompt_engineering/src/results/pjlCZ1X9/population_11.json
[INFO|2025-01-28 07:18:42,890] Generatin population... 12
[INFO|2025-01-28 07:18:44,497] Collecting responses
[INFO|2025-01-28 07:19:43,277] Evaluating fitness
[INFO|2025-01-28 07:19:43,714] Collecting responses
[INFO|2025-01-28 07:20:40,008] Evaluating fitness
[INFO|2025-01-28 07:20:42,259] Collecting responses
[INFO|2025-01-28 07:21:35,343] Evaluating fitness
[INFO|2025-01-28 07:21:35,797] Collecting responses
[INFO|2025-01-28 07:22:33,982] Evaluating fitness
[INFO|2025-01-28 07:22:36,225] Collecting responses
[INFO|2025-01-28 07:23:28,665] Evaluating fitness
[INFO|2025-01-28 07:23:29,116] Collecting responses
[INFO|2025-01-28 07:24:24,441] Evaluating fitness
[INFO|2025-01-28 07:24:26,713] Collecting responses
[INFO|2025-01-28 07:25:29,806] Evaluating fitness
[INFO|2025-01-28 07:25:30,243] Collecting responses
[INFO|2025-01-28 07:26:32,590] Evaluating fitness
[INFO|2025-01-28 07:26:34,934] Collecting responses
[INFO|2025-01-28 07:27:34,226] Evaluating fitness
[INFO|2025-01-28 07:27:34,684] Collecting responses
[INFO|2025-01-28 07:28:32,082] Evaluating fitness
[INFO|2025-01-28 07:28:34,130] Collecting responses
[INFO|2025-01-28 07:29:31,270] Evaluating fitness
[INFO|2025-01-28 07:29:31,714] Collecting responses
[INFO|2025-01-28 07:30:41,007] Evaluating fitness
[INFO|2025-01-28 07:30:42,542] Collecting responses
[INFO|2025-01-28 07:31:46,587] Evaluating fitness
[INFO|2025-01-28 07:31:47,023] Collecting responses
[INFO|2025-01-28 07:32:40,715] Evaluating fitness
[INFO|2025-01-28 07:32:42,864] Collecting responses
[INFO|2025-01-28 07:33:41,860] Evaluating fitness
[INFO|2025-01-28 07:33:42,298] Collecting responses
[INFO|2025-01-28 07:34:37,554] Evaluating fitness
[INFO|2025-01-28 07:34:40,524] Collecting responses
[INFO|2025-01-28 07:35:42,168] Evaluating fitness
[INFO|2025-01-28 07:35:42,603] Collecting responses
[INFO|2025-01-28 07:36:31,323] Evaluating fitness
[INFO|2025-01-28 07:36:33,268] Collecting responses
[INFO|2025-01-28 07:37:30,305] Evaluating fitness
[INFO|2025-01-28 07:37:30,747] Collecting responses
[INFO|2025-01-28 07:38:30,764] Evaluating fitness
[INFO|2025-01-28 07:38:33,078] Collecting responses
[INFO|2025-01-28 07:39:35,852] Evaluating fitness
[INFO|2025-01-28 07:39:36,294] Collecting responses
[INFO|2025-01-28 07:40:40,876] Evaluating fitness
[INFO|2025-01-28 07:40:42,924] Collecting responses
[INFO|2025-01-28 07:41:39,645] Evaluating fitness
[INFO|2025-01-28 07:41:40,083] Collecting responses
[INFO|2025-01-28 07:42:45,909] Evaluating fitness
[INFO|2025-01-28 07:42:47,137] Collecting responses
[INFO|2025-01-28 07:43:39,056] Evaluating fitness
[INFO|2025-01-28 07:43:39,503] Collecting responses
[INFO|2025-01-28 07:44:36,255] Evaluating fitness
[INFO|2025-01-28 07:44:38,652] Collecting responses
[INFO|2025-01-28 07:45:44,906] Evaluating fitness
[INFO|2025-01-28 07:45:45,346] Collecting responses
[INFO|2025-01-28 07:46:41,228] Evaluating fitness
[INFO|2025-01-28 07:46:42,547] Collecting responses
[INFO|2025-01-28 07:47:39,392] Evaluating fitness
[INFO|2025-01-28 07:47:39,842] Collecting responses
[INFO|2025-01-28 07:48:42,263] Evaluating fitness
[INFO|2025-01-28 07:48:45,133] Collecting responses
[INFO|2025-01-28 07:49:51,899] Evaluating fitness
[INFO|2025-01-28 07:49:52,333] Collecting responses
[INFO|2025-01-28 07:50:50,155] Evaluating fitness
[INFO|2025-01-28 07:50:52,315] Collecting responses
[INFO|2025-01-28 07:51:49,966] Evaluating fitness
[INFO|2025-01-28 07:51:50,407] Collecting responses
[INFO|2025-01-28 07:52:48,530] Evaluating fitness
[INFO|2025-01-28 07:52:50,789] Collecting responses
[INFO|2025-01-28 07:53:43,840] Evaluating fitness
[INFO|2025-01-28 07:53:44,285] Collecting responses
[INFO|2025-01-28 07:54:41,082] Evaluating fitness
[INFO|2025-01-28 07:54:43,627] Collecting responses
[INFO|2025-01-28 07:55:44,567] Evaluating fitness
[INFO|2025-01-28 07:55:45,011] Collecting responses
[INFO|2025-01-28 07:56:45,689] Evaluating fitness
[INFO|2025-01-28 07:56:46,119] Max: 0.875 | Min: 0.71875 | Avrg: 0.778125
[INFO|2025-01-28 07:56:46,119] Writing to /home/simon/Documents/Uni/seminar_prompt_engineering/src/results/pjlCZ1X9/population_12.json
[INFO|2025-01-28 07:56:46,120] Generatin population... 13
[INFO|2025-01-28 07:56:47,133] Collecting responses
[INFO|2025-01-28 07:57:43,762] Evaluating fitness
[INFO|2025-01-28 07:57:44,200] Collecting responses
[INFO|2025-01-28 07:58:38,956] Evaluating fitness
[INFO|2025-01-28 07:58:40,388] Collecting responses
[INFO|2025-01-28 07:59:42,957] Evaluating fitness
[INFO|2025-01-28 07:59:43,401] Collecting responses
[INFO|2025-01-28 08:00:39,482] Evaluating fitness
[INFO|2025-01-28 08:00:40,913] Collecting responses
[INFO|2025-01-28 08:01:37,944] Evaluating fitness
[INFO|2025-01-28 08:01:38,396] Collecting responses
[INFO|2025-01-28 08:02:35,604] Evaluating fitness
[INFO|2025-01-28 08:02:37,140] Collecting responses
[INFO|2025-01-28 08:03:28,342] Evaluating fitness
[INFO|2025-01-28 08:03:28,816] Collecting responses
[INFO|2025-01-28 08:04:26,195] Evaluating fitness
[INFO|2025-01-28 08:04:28,729] Collecting responses
[INFO|2025-01-28 08:05:32,554] Evaluating fitness
[INFO|2025-01-28 08:05:32,996] Collecting responses
[INFO|2025-01-28 08:06:29,182] Evaluating fitness
[INFO|2025-01-28 08:06:31,639] Collecting responses
[INFO|2025-01-28 08:07:32,870] Evaluating fitness
[INFO|2025-01-28 08:07:33,310] Collecting responses
[INFO|2025-01-28 08:08:31,244] Evaluating fitness
[INFO|2025-01-28 08:08:32,780] Collecting responses
[INFO|2025-01-28 08:09:30,022] Evaluating fitness
[INFO|2025-01-28 08:09:30,475] Collecting responses
[INFO|2025-01-28 08:10:29,211] Evaluating fitness
[INFO|2025-01-28 08:10:31,667] Collecting responses
[INFO|2025-01-28 08:11:35,874] Evaluating fitness
[INFO|2025-01-28 08:11:36,314] Collecting responses
[INFO|2025-01-28 08:12:30,044] Evaluating fitness
[INFO|2025-01-28 08:12:35,880] Collecting responses
[INFO|2025-01-28 08:13:40,905] Evaluating fitness
[INFO|2025-01-28 08:13:41,338] Collecting responses
[INFO|2025-01-28 08:14:34,666] Evaluating fitness
[INFO|2025-01-28 08:14:37,124] Collecting responses
[INFO|2025-01-28 08:15:50,443] Evaluating fitness
[INFO|2025-01-28 08:15:50,898] Collecting responses
[INFO|2025-01-28 08:16:47,686] Evaluating fitness
[INFO|2025-01-28 08:16:50,450] Collecting responses
[INFO|2025-01-28 08:17:48,615] Evaluating fitness
[INFO|2025-01-28 08:17:49,052] Collecting responses
[INFO|2025-01-28 08:18:42,776] Evaluating fitness
[INFO|2025-01-28 08:18:44,116] Collecting responses
[INFO|2025-01-28 08:19:39,106] Evaluating fitness
[INFO|2025-01-28 08:19:39,550] Collecting responses
[INFO|2025-01-28 08:20:36,041] Evaluating fitness
[INFO|2025-01-28 08:20:37,577] Collecting responses
[INFO|2025-01-28 08:21:39,622] Evaluating fitness
[INFO|2025-01-28 08:21:40,068] Collecting responses
[INFO|2025-01-28 08:22:33,598] Evaluating fitness
[INFO|2025-01-28 08:22:36,031] Collecting responses
[INFO|2025-01-28 08:23:32,376] Evaluating fitness
[INFO|2025-01-28 08:23:32,825] Collecting responses
[INFO|2025-01-28 08:24:28,327] Evaluating fitness
[INFO|2025-01-28 08:24:30,639] Collecting responses
[INFO|2025-01-28 08:25:23,684] Evaluating fitness
[INFO|2025-01-28 08:25:24,119] Collecting responses
[INFO|2025-01-28 08:26:19,697] Evaluating fitness
[INFO|2025-01-28 08:26:21,028] Collecting responses
[INFO|2025-01-28 08:27:18,885] Evaluating fitness
[INFO|2025-01-28 08:27:19,331] Collecting responses
[INFO|2025-01-28 08:28:14,181] Evaluating fitness
[INFO|2025-01-28 08:28:15,612] Collecting responses
[INFO|2025-01-28 08:29:08,044] Evaluating fitness
[INFO|2025-01-28 08:29:08,484] Collecting responses
[INFO|2025-01-28 08:30:00,371] Evaluating fitness
[INFO|2025-01-28 08:30:03,330] Collecting responses
[INFO|2025-01-28 08:31:00,480] Evaluating fitness
[INFO|2025-01-28 08:31:00,918] Collecting responses
[INFO|2025-01-28 08:31:54,752] Evaluating fitness
[INFO|2025-01-28 08:31:57,311] Collecting responses
[INFO|2025-01-28 08:32:51,787] Evaluating fitness
[INFO|2025-01-28 08:32:52,242] Collecting responses
[INFO|2025-01-28 08:34:03,470] Evaluating fitness
[INFO|2025-01-28 08:34:03,920] Max: 0.875 | Min: 0.6875 | Avrg: 0.759375
[INFO|2025-01-28 08:34:03,921] Writing to /home/simon/Documents/Uni/seminar_prompt_engineering/src/results/pjlCZ1X9/population_13.json
[INFO|2025-01-28 08:34:03,921] Generatin population... 14
[INFO|2025-01-28 08:34:07,155] Collecting responses
[INFO|2025-01-28 08:35:08,392] Evaluating fitness
[INFO|2025-01-28 08:35:08,834] Collecting responses
[INFO|2025-01-28 08:36:10,920] Evaluating fitness
[INFO|2025-01-28 08:36:12,393] Collecting responses
[INFO|2025-01-28 08:37:17,929] Evaluating fitness
[INFO|2025-01-28 08:37:18,373] Collecting responses
[INFO|2025-01-28 08:38:31,863] Evaluating fitness
[INFO|2025-01-28 08:38:33,399] Collecting responses
[INFO|2025-01-28 08:39:28,963] Evaluating fitness
[INFO|2025-01-28 08:39:29,401] Collecting responses
[INFO|2025-01-28 08:40:27,576] Evaluating fitness
[INFO|2025-01-28 08:40:29,007] Collecting responses
[INFO|2025-01-28 08:41:40,998] Evaluating fitness
[INFO|2025-01-28 08:41:41,434] Collecting responses
[INFO|2025-01-28 08:42:42,643] Evaluating fitness
[INFO|2025-01-28 08:42:46,022] Collecting responses
[INFO|2025-01-28 08:43:42,753] Evaluating fitness
[INFO|2025-01-28 08:43:43,193] Collecting responses
[INFO|2025-01-28 08:44:42,657] Evaluating fitness
[INFO|2025-01-28 08:44:44,193] Collecting responses
[INFO|2025-01-28 08:45:39,797] Evaluating fitness
[INFO|2025-01-28 08:45:40,235] Collecting responses
[INFO|2025-01-28 08:46:31,910] Evaluating fitness
[INFO|2025-01-28 08:46:34,581] Collecting responses
[INFO|2025-01-28 08:47:37,764] Evaluating fitness
[INFO|2025-01-28 08:47:38,195] Collecting responses
[INFO|2025-01-28 08:48:36,849] Evaluating fitness
[INFO|2025-01-28 08:48:38,793] Collecting responses
[INFO|2025-01-28 08:49:32,862] Evaluating fitness
[INFO|2025-01-28 08:49:33,294] Collecting responses
[INFO|2025-01-28 08:50:40,242] Evaluating fitness
[INFO|2025-01-28 08:50:42,597] Collecting responses
[INFO|2025-01-28 08:51:51,718] Evaluating fitness
[INFO|2025-01-28 08:51:52,159] Collecting responses
[INFO|2025-01-28 08:53:00,430] Evaluating fitness
[INFO|2025-01-28 08:53:01,760] Collecting responses
[INFO|2025-01-28 08:53:54,497] Evaluating fitness
[INFO|2025-01-28 08:53:54,949] Collecting responses
[INFO|2025-01-28 08:54:47,437] Evaluating fitness
[INFO|2025-01-28 08:54:49,794] Collecting responses
[INFO|2025-01-28 08:55:44,783] Evaluating fitness
[INFO|2025-01-28 08:55:45,220] Collecting responses
[INFO|2025-01-28 08:56:38,442] Evaluating fitness
[INFO|2025-01-28 08:56:40,829] Collecting responses
[INFO|2025-01-28 08:57:40,188] Evaluating fitness
[INFO|2025-01-28 08:57:40,633] Collecting responses
[INFO|2025-01-28 08:58:34,562] Evaluating fitness
[INFO|2025-01-28 08:58:37,019] Collecting responses
[INFO|2025-01-28 08:59:42,732] Evaluating fitness
[INFO|2025-01-28 08:59:43,167] Collecting responses
[INFO|2025-01-28 09:00:47,172] Evaluating fitness
[INFO|2025-01-28 09:00:49,014] Collecting responses
[INFO|2025-01-28 09:01:48,199] Evaluating fitness
[INFO|2025-01-28 09:01:48,634] Collecting responses
[INFO|2025-01-28 09:02:49,948] Evaluating fitness
[INFO|2025-01-28 09:02:52,405] Collecting responses
[INFO|2025-01-28 09:03:48,420] Evaluating fitness
[INFO|2025-01-28 09:03:48,879] Collecting responses
[INFO|2025-01-28 09:04:54,779] Evaluating fitness
[INFO|2025-01-28 09:04:57,027] Collecting responses
[INFO|2025-01-28 09:05:56,112] Evaluating fitness
[INFO|2025-01-28 09:05:56,549] Collecting responses
[INFO|2025-01-28 09:06:52,329] Evaluating fitness
[INFO|2025-01-28 09:06:53,764] Collecting responses
[INFO|2025-01-28 09:07:48,549] Evaluating fitness
[INFO|2025-01-28 09:07:48,987] Collecting responses
[INFO|2025-01-28 09:08:48,854] Evaluating fitness
[INFO|2025-01-28 09:08:51,832] Collecting responses
[INFO|2025-01-28 09:09:54,707] Evaluating fitness
[INFO|2025-01-28 09:09:55,154] Collecting responses
[INFO|2025-01-28 09:10:49,798] Evaluating fitness
[INFO|2025-01-28 09:10:52,358] Collecting responses
[INFO|2025-01-28 09:11:49,079] Evaluating fitness
[INFO|2025-01-28 09:11:49,524] Collecting responses
[INFO|2025-01-28 09:12:47,251] Evaluating fitness
[INFO|2025-01-28 09:12:47,691] Max: 0.875 | Min: 0.71875 | Avrg: 0.7609375
[INFO|2025-01-28 09:12:47,692] Writing to /home/simon/Documents/Uni/seminar_prompt_engineering/src/results/pjlCZ1X9/population_14.json
[INFO|2025-01-28 09:12:47,692] Generatin population... 15
[INFO|2025-01-28 09:12:49,963] Collecting responses
[INFO|2025-01-28 09:13:49,717] Evaluating fitness
[INFO|2025-01-28 09:13:50,154] Collecting responses
[INFO|2025-01-28 09:14:47,153] Evaluating fitness
[INFO|2025-01-28 09:14:49,518] Collecting responses
[INFO|2025-01-28 09:15:42,358] Evaluating fitness
[INFO|2025-01-28 09:15:42,798] Collecting responses
[INFO|2025-01-28 09:16:40,623] Evaluating fitness
[INFO|2025-01-28 09:16:45,537] Collecting responses
[INFO|2025-01-28 09:17:42,269] Evaluating fitness
[INFO|2025-01-28 09:17:42,704] Collecting responses
[INFO|2025-01-28 09:18:42,745] Evaluating fitness
[INFO|2025-01-28 09:18:45,756] Collecting responses
[INFO|2025-01-28 09:19:45,048] Evaluating fitness
[INFO|2025-01-28 09:19:45,480] Collecting responses
[INFO|2025-01-28 09:20:38,398] Evaluating fitness
[INFO|2025-01-28 09:20:39,721] Collecting responses
[INFO|2025-01-28 09:21:32,216] Evaluating fitness
[INFO|2025-01-28 09:21:32,661] Collecting responses
[INFO|2025-01-28 09:22:27,251] Evaluating fitness
[INFO|2025-01-28 09:22:28,581] Collecting responses
[INFO|2025-01-28 09:23:22,445] Evaluating fitness
[INFO|2025-01-28 09:23:22,882] Collecting responses
[INFO|2025-01-28 09:24:21,940] Evaluating fitness
[INFO|2025-01-28 09:24:24,349] Collecting responses
[INFO|2025-01-28 09:25:20,513] Evaluating fitness
[INFO|2025-01-28 09:25:20,954] Collecting responses
[INFO|2025-01-28 09:26:14,990] Evaluating fitness
[INFO|2025-01-28 09:26:17,345] Collecting responses
[INFO|2025-01-28 09:27:14,486] Evaluating fitness
[INFO|2025-01-28 09:27:14,925] Collecting responses
[INFO|2025-01-28 09:28:09,885] Evaluating fitness
[INFO|2025-01-28 09:28:12,240] Collecting responses
[INFO|2025-01-28 09:29:10,506] Evaluating fitness
[INFO|2025-01-28 09:29:10,947] Collecting responses
[INFO|2025-01-28 09:30:04,266] Evaluating fitness
[INFO|2025-01-28 09:30:05,598] Collecting responses
[INFO|2025-01-28 09:31:00,792] Evaluating fitness
[INFO|2025-01-28 09:31:01,235] Collecting responses
[INFO|2025-01-28 09:31:58,547] Evaluating fitness
[INFO|2025-01-28 09:32:01,917] Collecting responses
[INFO|2025-01-28 09:32:55,893] Evaluating fitness
[INFO|2025-01-28 09:32:57,351] Collecting responses
[INFO|2025-01-28 09:33:56,207] Evaluating fitness
[INFO|2025-01-28 09:33:59,586] Collecting responses
[INFO|2025-01-28 09:34:54,987] Evaluating fitness
[INFO|2025-01-28 09:34:56,429] Collecting responses
[INFO|2025-01-28 09:35:52,742] Evaluating fitness
[INFO|2025-01-28 09:35:56,939] Collecting responses
[INFO|2025-01-28 09:36:53,159] Evaluating fitness
[INFO|2025-01-28 09:36:54,594] Collecting responses
[INFO|2025-01-28 09:37:48,659] Evaluating fitness
[INFO|2025-01-28 09:37:51,014] Collecting responses
[INFO|2025-01-28 09:38:45,312] Evaluating fitness
[INFO|2025-01-28 09:38:46,774] Collecting responses
[INFO|2025-01-28 09:39:41,916] Evaluating fitness
[INFO|2025-01-28 09:39:44,783] Collecting responses
[INFO|2025-01-28 09:40:46,354] Evaluating fitness
[INFO|2025-01-28 09:40:47,816] Collecting responses
[INFO|2025-01-28 09:41:52,807] Evaluating fitness
[INFO|2025-01-28 09:41:56,256] Collecting responses
[INFO|2025-01-28 09:42:59,551] Evaluating fitness
[INFO|2025-01-28 09:43:01,004] Collecting responses
[INFO|2025-01-28 09:44:05,497] Evaluating fitness
[INFO|2025-01-28 09:44:09,593] Collecting responses
[INFO|2025-01-28 09:45:12,570] Evaluating fitness
[INFO|2025-01-28 09:45:14,034] Collecting responses
[INFO|2025-01-28 09:46:10,836] Evaluating fitness
[INFO|2025-01-28 09:46:14,215] Collecting responses
[INFO|2025-01-28 09:47:11,970] Evaluating fitness
[INFO|2025-01-28 09:47:13,420] Collecting responses
[INFO|2025-01-28 09:48:12,592] Evaluating fitness
[INFO|2025-01-28 09:48:16,282] Collecting responses
[INFO|2025-01-28 09:49:15,056] Evaluating fitness
[INFO|2025-01-28 09:49:16,514] Collecting responses
[INFO|2025-01-28 09:50:07,486] Evaluating fitness
[INFO|2025-01-28 09:50:08,935] Max: 0.875 | Min: 0.71875 | Avrg: 0.7609375
[INFO|2025-01-28 09:50:08,936] Writing to /home/simon/Documents/Uni/seminar_prompt_engineering/src/results/pjlCZ1X9/population_15.json
[INFO|2025-01-28 09:50:08,937] Generatin population... 16
[INFO|2025-01-28 09:50:09,944] Collecting responses
[INFO|2025-01-28 09:51:06,816] Evaluating fitness
[INFO|2025-01-28 09:51:08,277] Collecting responses
[INFO|2025-01-28 09:51:57,977] Evaluating fitness
[INFO|2025-01-28 09:52:00,435] Collecting responses
[INFO|2025-01-28 09:52:55,731] Evaluating fitness
[INFO|2025-01-28 09:52:57,220] Collecting responses
[INFO|2025-01-28 09:53:50,004] Evaluating fitness
[INFO|2025-01-28 09:53:52,360] Collecting responses
[INFO|2025-01-28 09:54:44,584] Evaluating fitness
[INFO|2025-01-28 09:54:46,035] Collecting responses
[INFO|2025-01-28 09:55:47,868] Evaluating fitness
[INFO|2025-01-28 09:55:51,247] Collecting responses
[INFO|2025-01-28 09:56:52,280] Evaluating fitness
[INFO|2025-01-28 09:56:53,745] Collecting responses
[INFO|2025-01-28 09:57:52,184] Evaluating fitness
[INFO|2025-01-28 09:57:55,460] Collecting responses
[INFO|2025-01-28 09:58:50,040] Evaluating fitness
[INFO|2025-01-28 09:58:51,512] Collecting responses
[INFO|2025-01-28 09:59:47,386] Evaluating fitness
[INFO|2025-01-28 09:59:50,764] Collecting responses
[INFO|2025-01-28 10:00:48,997] Evaluating fitness
[INFO|2025-01-28 10:00:50,445] Collecting responses
[INFO|2025-01-28 10:01:57,332] Evaluating fitness
[INFO|2025-01-28 10:02:00,711] Collecting responses
[INFO|2025-01-28 10:03:00,310] Evaluating fitness
[INFO|2025-01-28 10:03:01,789] Collecting responses
[INFO|2025-01-28 10:03:59,087] Evaluating fitness
[INFO|2025-01-28 10:04:01,443] Collecting responses
[INFO|2025-01-28 10:05:00,324] Evaluating fitness
[INFO|2025-01-28 10:05:01,773] Collecting responses
[INFO|2025-01-28 10:06:01,141] Evaluating fitness
[INFO|2025-01-28 10:06:04,836] Collecting responses
[INFO|2025-01-28 10:07:07,199] Evaluating fitness
[INFO|2025-01-28 10:07:08,657] Collecting responses
[INFO|2025-01-28 10:08:07,616] Evaluating fitness
[INFO|2025-01-28 10:08:10,891] Collecting responses
[INFO|2025-01-28 10:09:09,261] Evaluating fitness
[INFO|2025-01-28 10:09:10,720] Collecting responses
[INFO|2025-01-28 10:10:08,180] Evaluating fitness
[INFO|2025-01-28 10:10:11,623] Collecting responses
[INFO|2025-01-28 10:11:14,907] Evaluating fitness
[INFO|2025-01-28 10:11:16,358] Collecting responses
[INFO|2025-01-28 10:12:11,946] Evaluating fitness
[INFO|2025-01-28 10:12:16,224] Collecting responses
[INFO|2025-01-28 10:13:13,079] Evaluating fitness
[INFO|2025-01-28 10:13:14,520] Collecting responses
[INFO|2025-01-28 10:14:12,984] Evaluating fitness
[INFO|2025-01-28 10:14:19,844] Collecting responses
[INFO|2025-01-28 10:15:14,424] Evaluating fitness
[INFO|2025-01-28 10:15:15,868] Collecting responses
[INFO|2025-01-28 10:16:17,503] Evaluating fitness
[INFO|2025-01-28 10:16:20,985] Collecting responses
[INFO|2025-01-28 10:17:18,119] Evaluating fitness
[INFO|2025-01-28 10:17:19,567] Collecting responses
[INFO|2025-01-28 10:18:21,409] Evaluating fitness
[INFO|2025-01-28 10:18:24,890] Collecting responses
[INFO|2025-01-28 10:19:24,476] Evaluating fitness
[INFO|2025-01-28 10:19:25,920] Collecting responses
[INFO|2025-01-28 10:20:21,014] Evaluating fitness
[INFO|2025-01-28 10:20:22,465] Collecting responses
[INFO|2025-01-28 10:21:20,612] Evaluating fitness
[INFO|2025-01-28 10:21:22,076] Collecting responses
[INFO|2025-01-28 10:22:17,444] Evaluating fitness
[INFO|2025-01-28 10:22:21,744] Collecting responses
[INFO|2025-01-28 10:23:17,759] Evaluating fitness
[INFO|2025-01-28 10:23:19,212] Collecting responses
[INFO|2025-01-28 10:24:18,176] Evaluating fitness
[INFO|2025-01-28 10:24:20,632] Collecting responses
[INFO|2025-01-28 10:25:09,273] Evaluating fitness
[INFO|2025-01-28 10:25:10,716] Collecting responses
[INFO|2025-01-28 10:26:06,414] Evaluating fitness
[INFO|2025-01-28 10:26:10,090] Collecting responses
[INFO|2025-01-28 10:27:07,547] Evaluating fitness
[INFO|2025-01-28 10:27:09,003] Collecting responses
[INFO|2025-01-28 10:28:14,005] Evaluating fitness
[INFO|2025-01-28 10:28:15,455] Max: 0.875 | Min: 0.6875 | Avrg: 0.76875
[INFO|2025-01-28 10:28:15,456] Writing to /home/simon/Documents/Uni/seminar_prompt_engineering/src/results/pjlCZ1X9/population_16.json
[INFO|2025-01-28 10:28:15,457] Generatin population... 17
[INFO|2025-01-28 10:28:16,429] Collecting responses
[INFO|2025-01-28 10:29:18,519] Evaluating fitness
[INFO|2025-01-28 10:29:19,974] Collecting responses
[INFO|2025-01-28 10:30:09,719] Evaluating fitness
[INFO|2025-01-28 10:30:12,483] Collecting responses
[INFO|2025-01-28 10:31:20,810] Evaluating fitness
[INFO|2025-01-28 10:31:22,247] Collecting responses
[INFO|2025-01-28 10:32:18,847] Evaluating fitness
[INFO|2025-01-28 10:32:21,100] Collecting responses
[INFO|2025-01-28 10:33:15,577] Evaluating fitness
[INFO|2025-01-28 10:33:17,056] Collecting responses
[INFO|2025-01-28 10:34:14,357] Evaluating fitness
[INFO|2025-01-28 10:34:17,530] Collecting responses
[INFO|2025-01-28 10:35:21,639] Evaluating fitness
[INFO|2025-01-28 10:35:23,088] Collecting responses
[INFO|2025-01-28 10:36:14,473] Evaluating fitness
[INFO|2025-01-28 10:36:17,852] Collecting responses
[INFO|2025-01-28 10:37:13,149] Evaluating fitness
[INFO|2025-01-28 10:37:14,612] Collecting responses
[INFO|2025-01-28 10:38:17,457] Evaluating fitness
[INFO|2025-01-28 10:38:19,709] Collecting responses
[INFO|2025-01-28 10:39:17,258] Evaluating fitness
[INFO|2025-01-28 10:39:18,714] Collecting responses
[INFO|2025-01-28 10:40:19,429] Evaluating fitness
[INFO|2025-01-28 10:40:20,878] Collecting responses
[INFO|2025-01-28 10:41:24,440] Evaluating fitness
[INFO|2025-01-28 10:41:25,920] Collecting responses
[INFO|2025-01-28 10:42:15,128] Evaluating fitness
[INFO|2025-01-28 10:42:17,483] Collecting responses
[INFO|2025-01-28 10:43:12,575] Evaluating fitness
[INFO|2025-01-28 10:43:13,005] Collecting responses
[INFO|2025-01-28 10:44:18,214] Evaluating fitness
[INFO|2025-01-28 10:44:20,774] Collecting responses
[INFO|2025-01-28 10:45:25,082] Evaluating fitness
[INFO|2025-01-28 10:45:25,519] Collecting responses
[INFO|2025-01-28 10:46:25,499] Evaluating fitness
[INFO|2025-01-28 10:46:25,917] Collecting responses
[INFO|2025-01-28 10:47:20,694] Evaluating fitness
[INFO|2025-01-28 10:47:21,115] Collecting responses
[INFO|2025-01-28 10:48:11,689] Evaluating fitness
[INFO|2025-01-28 10:48:12,105] Collecting responses
[INFO|2025-01-28 10:49:09,033] Evaluating fitness
[INFO|2025-01-28 10:49:09,447] Collecting responses
[INFO|2025-01-28 10:50:03,203] Evaluating fitness
[INFO|2025-01-28 10:50:04,431] Collecting responses
[INFO|2025-01-28 10:50:57,987] Evaluating fitness
[INFO|2025-01-28 10:50:58,404] Collecting responses
[INFO|2025-01-28 10:51:55,948] Evaluating fitness
[INFO|2025-01-28 10:51:57,276] Collecting responses
[INFO|2025-01-28 10:52:54,111] Evaluating fitness
[INFO|2025-01-28 10:52:54,530] Collecting responses
[INFO|2025-01-28 10:53:57,702] Evaluating fitness
[INFO|2025-01-28 10:54:00,054] Collecting responses
[INFO|2025-01-28 10:54:52,377] Evaluating fitness
[INFO|2025-01-28 10:54:52,796] Collecting responses
[INFO|2025-01-28 10:56:05,703] Evaluating fitness
[INFO|2025-01-28 10:56:06,139] Collecting responses
[INFO|2025-01-28 10:57:08,461] Evaluating fitness
[INFO|2025-01-28 10:57:08,877] Collecting responses
[INFO|2025-01-28 10:58:01,212] Evaluating fitness
[INFO|2025-01-28 10:58:02,542] Collecting responses
[INFO|2025-01-28 10:59:02,136] Evaluating fitness
[INFO|2025-01-28 10:59:02,556] Collecting responses
[INFO|2025-01-28 10:59:53,117] Evaluating fitness
[INFO|2025-01-28 10:59:53,548] Collecting responses
[INFO|2025-01-28 11:00:53,451] Evaluating fitness
[INFO|2025-01-28 11:00:53,872] Collecting responses
[INFO|2025-01-28 11:02:04,927] Evaluating fitness
[INFO|2025-01-28 11:02:05,354] Collecting responses
[INFO|2025-01-28 11:03:03,192] Evaluating fitness
[INFO|2025-01-28 11:03:03,608] Collecting responses
[INFO|2025-01-28 11:03:58,181] Evaluating fitness
[INFO|2025-01-28 11:03:59,410] Collecting responses
[INFO|2025-01-28 11:04:52,556] Evaluating fitness
[INFO|2025-01-28 11:04:52,985] Collecting responses
[INFO|2025-01-28 11:05:50,308] Evaluating fitness
[INFO|2025-01-28 11:05:50,728] Max: 0.875 | Min: 0.71875 | Avrg: 0.775
[INFO|2025-01-28 11:05:50,728] Writing to /home/simon/Documents/Uni/seminar_prompt_engineering/src/results/pjlCZ1X9/population_17.json
[INFO|2025-01-28 11:05:50,728] Generatin population... 18
[INFO|2025-01-28 11:05:52,358] Collecting responses
[INFO|2025-01-28 11:06:52,530] Evaluating fitness
[INFO|2025-01-28 11:06:52,951] Collecting responses
[INFO|2025-01-28 11:07:51,000] Evaluating fitness
[INFO|2025-01-28 11:07:52,166] Collecting responses
[INFO|2025-01-28 11:09:02,108] Evaluating fitness
[INFO|2025-01-28 11:09:02,528] Collecting responses
[INFO|2025-01-28 11:09:59,555] Evaluating fitness
[INFO|2025-01-28 11:10:01,705] Collecting responses
[INFO|2025-01-28 11:11:02,355] Evaluating fitness
[INFO|2025-01-28 11:11:02,776] Collecting responses
[INFO|2025-01-28 11:12:03,256] Evaluating fitness
[INFO|2025-01-28 11:12:05,302] Collecting responses
[INFO|2025-01-28 11:13:05,721] Evaluating fitness
[INFO|2025-01-28 11:13:06,152] Collecting responses
[INFO|2025-01-28 11:14:03,579] Evaluating fitness
[INFO|2025-01-28 11:14:05,626] Collecting responses
[INFO|2025-01-28 11:15:05,940] Evaluating fitness
[INFO|2025-01-28 11:15:06,356] Collecting responses
[INFO|2025-01-28 11:15:59,602] Evaluating fitness
[INFO|2025-01-28 11:16:01,545] Collecting responses
[INFO|2025-01-28 11:16:59,098] Evaluating fitness
[INFO|2025-01-28 11:16:59,524] Collecting responses
[INFO|2025-01-28 11:17:56,852] Evaluating fitness
[INFO|2025-01-28 11:17:59,104] Collecting responses
[INFO|2025-01-28 11:18:50,717] Evaluating fitness
[INFO|2025-01-28 11:18:51,138] Collecting responses
[INFO|2025-01-28 11:19:42,840] Evaluating fitness
[INFO|2025-01-28 11:19:44,373] Collecting responses
[INFO|2025-01-28 11:20:39,976] Evaluating fitness
[INFO|2025-01-28 11:20:40,406] Collecting responses
[INFO|2025-01-28 11:21:38,246] Evaluating fitness
[INFO|2025-01-28 11:21:38,663] Collecting responses
[INFO|2025-01-28 11:22:32,417] Evaluating fitness
[INFO|2025-01-28 11:22:32,847] Collecting responses
[INFO|2025-01-28 11:23:25,974] Evaluating fitness
[INFO|2025-01-28 11:23:27,200] Collecting responses
[INFO|2025-01-28 11:24:27,003] Evaluating fitness
[INFO|2025-01-28 11:24:27,420] Collecting responses
[INFO|2025-01-28 11:25:16,848] Evaluating fitness
[INFO|2025-01-28 11:25:18,922] Collecting responses
[INFO|2025-01-28 11:26:20,159] Evaluating fitness
[INFO|2025-01-28 11:26:20,578] Collecting responses
[INFO|2025-01-28 11:27:12,251] Evaluating fitness
[INFO|2025-01-28 11:27:15,233] Collecting responses
[INFO|2025-01-28 11:28:08,193] Evaluating fitness
[INFO|2025-01-28 11:28:08,622] Collecting responses
[INFO|2025-01-28 11:29:09,122] Evaluating fitness
[INFO|2025-01-28 11:29:10,453] Collecting responses
[INFO|2025-01-28 11:30:11,176] Evaluating fitness
[INFO|2025-01-28 11:30:11,597] Collecting responses
[INFO|2025-01-28 11:31:04,529] Evaluating fitness
[INFO|2025-01-28 11:31:06,678] Collecting responses
[INFO|2025-01-28 11:31:57,982] Evaluating fitness
[INFO|2025-01-28 11:31:58,399] Collecting responses
[INFO|2025-01-28 11:32:53,485] Evaluating fitness
[INFO|2025-01-28 11:32:55,633] Collecting responses
[INFO|2025-01-28 11:33:53,834] Evaluating fitness
[INFO|2025-01-28 11:33:54,267] Collecting responses
[INFO|2025-01-28 11:34:51,656] Evaluating fitness
[INFO|2025-01-28 11:34:53,293] Collecting responses
[INFO|2025-01-28 11:35:45,724] Evaluating fitness
[INFO|2025-01-28 11:35:46,145] Collecting responses
[INFO|2025-01-28 11:36:40,200] Evaluating fitness
[INFO|2025-01-28 11:36:42,453] Collecting responses
[INFO|2025-01-28 11:37:41,745] Evaluating fitness
[INFO|2025-01-28 11:37:42,166] Collecting responses
[INFO|2025-01-28 11:38:29,975] Evaluating fitness
[INFO|2025-01-28 11:38:32,534] Collecting responses
[INFO|2025-01-28 11:39:23,634] Evaluating fitness
[INFO|2025-01-28 11:39:24,064] Collecting responses
[INFO|2025-01-28 11:40:13,290] Evaluating fitness
[INFO|2025-01-28 11:40:15,653] Collecting responses
[INFO|2025-01-28 11:41:05,830] Evaluating fitness
[INFO|2025-01-28 11:41:06,250] Collecting responses
[INFO|2025-01-28 11:41:59,488] Evaluating fitness
[INFO|2025-01-28 11:41:59,923] Max: 0.875 | Min: 0.6875 | Avrg: 0.7734375
[INFO|2025-01-28 11:41:59,923] Writing to /home/simon/Documents/Uni/seminar_prompt_engineering/src/results/pjlCZ1X9/population_18.json
[INFO|2025-01-28 11:41:59,923] Generatin population... 19
[INFO|2025-01-28 11:42:01,842] Collecting responses
[INFO|2025-01-28 11:43:00,520] Evaluating fitness
[INFO|2025-01-28 11:43:00,942] Collecting responses
[INFO|2025-01-28 11:43:56,943] Evaluating fitness
[INFO|2025-01-28 11:43:58,374] Collecting responses
[INFO|2025-01-28 11:45:03,709] Evaluating fitness
[INFO|2025-01-28 11:45:04,133] Collecting responses
[INFO|2025-01-28 11:46:05,865] Evaluating fitness
[INFO|2025-01-28 11:46:08,324] Collecting responses
[INFO|2025-01-28 11:47:03,621] Evaluating fitness
[INFO|2025-01-28 11:47:04,038] Collecting responses
[INFO|2025-01-28 11:48:00,041] Evaluating fitness
[INFO|2025-01-28 11:48:02,807] Collecting responses
[INFO|2025-01-28 11:48:55,442] Evaluating fitness
[INFO|2025-01-28 11:48:55,860] Collecting responses
[INFO|2025-01-28 11:49:49,098] Evaluating fitness
[INFO|2025-01-28 11:49:50,636] Collecting responses
[INFO|2025-01-28 11:50:48,286] Evaluating fitness
[INFO|2025-01-28 11:50:48,703] Collecting responses
[INFO|2025-01-28 11:51:44,301] Evaluating fitness
[INFO|2025-01-28 11:51:45,632] Collecting responses
[INFO|2025-01-28 11:52:43,592] Evaluating fitness
[INFO|2025-01-28 11:52:44,012] Collecting responses
[INFO|2025-01-28 11:53:38,888] Evaluating fitness
[INFO|2025-01-28 11:53:40,219] Collecting responses
[INFO|2025-01-28 11:54:31,111] Evaluating fitness
[INFO|2025-01-28 11:54:31,531] Collecting responses
[INFO|2025-01-28 11:55:31,017] Evaluating fitness
[INFO|2025-01-28 11:55:33,371] Collecting responses
[INFO|2025-01-28 11:56:24,880] Evaluating fitness
[INFO|2025-01-28 11:56:25,298] Collecting responses
[INFO|2025-01-28 11:57:23,555] Evaluating fitness
[INFO|2025-01-28 11:57:26,218] Collecting responses
[INFO|2025-01-28 11:58:18,648] Evaluating fitness
[INFO|2025-01-28 11:58:19,065] Collecting responses
[INFO|2025-01-28 11:59:17,017] Evaluating fitness
[INFO|2025-01-28 11:59:19,361] Collecting responses
[INFO|2025-01-28 12:00:13,337] Evaluating fitness
[INFO|2025-01-28 12:00:13,753] Collecting responses
[INFO|2025-01-28 12:01:10,782] Evaluating fitness
[INFO|2025-01-28 12:01:12,011] Collecting responses
[INFO|2025-01-28 12:02:07,002] Evaluating fitness
[INFO|2025-01-28 12:02:07,417] Collecting responses
[INFO|2025-01-28 12:03:09,672] Evaluating fitness
[INFO|2025-01-28 12:03:11,719] Collecting responses
[INFO|2025-01-28 12:04:06,198] Evaluating fitness
[INFO|2025-01-28 12:04:06,616] Collecting responses
[INFO|2025-01-28 12:05:00,982] Evaluating fitness
[INFO|2025-01-28 12:05:03,336] Collecting responses
[INFO|2025-01-28 12:06:04,926] Evaluating fitness
[INFO|2025-01-28 12:06:05,343] Collecting responses
[INFO|2025-01-28 12:07:04,681] Evaluating fitness
[INFO|2025-01-28 12:07:07,242] Collecting responses
[INFO|2025-01-28 12:07:56,495] Evaluating fitness
[INFO|2025-01-28 12:07:56,921] Collecting responses
[INFO|2025-01-28 12:08:51,706] Evaluating fitness
[INFO|2025-01-28 12:08:53,927] Collecting responses
[INFO|2025-01-28 12:09:54,152] Evaluating fitness
[INFO|2025-01-28 12:09:54,563] Collecting responses
[INFO|2025-01-28 12:10:53,547] Evaluating fitness
[INFO|2025-01-28 12:10:55,801] Collecting responses
[INFO|2025-01-28 12:11:58,368] Evaluating fitness
[INFO|2025-01-28 12:11:58,787] Collecting responses
[INFO|2025-01-28 12:12:50,696] Evaluating fitness
[INFO|2025-01-28 12:12:54,177] Collecting responses
[INFO|2025-01-28 12:13:53,878] Evaluating fitness
[INFO|2025-01-28 12:13:54,295] Collecting responses
[INFO|2025-01-28 12:14:51,734] Evaluating fitness
[INFO|2025-01-28 12:14:54,024] Collecting responses
[INFO|2025-01-28 12:15:51,331] Evaluating fitness
[INFO|2025-01-28 12:15:51,751] Collecting responses
[INFO|2025-01-28 12:16:48,265] Evaluating fitness
[INFO|2025-01-28 12:16:50,724] Collecting responses
[INFO|2025-01-28 12:17:47,660] Evaluating fitness
[INFO|2025-01-28 12:17:48,075] Collecting responses
[INFO|2025-01-28 12:18:39,677] Evaluating fitness
[INFO|2025-01-28 12:18:40,100] Max: 0.875 | Min: 0.71875 | Avrg: 0.784375
[INFO|2025-01-28 12:18:40,100] Writing to /home/simon/Documents/Uni/seminar_prompt_engineering/src/results/pjlCZ1X9/population_19.json
[INFO|2025-01-28 12:18:40,100] Generatin population... 20
[INFO|2025-01-28 12:18:41,002] Collecting responses
[INFO|2025-01-28 12:19:38,663] Evaluating fitness
[INFO|2025-01-28 12:19:39,101] Collecting responses
[INFO|2025-01-28 12:20:29,761] Evaluating fitness
[INFO|2025-01-28 12:20:31,910] Collecting responses
[INFO|2025-01-28 12:21:22,291] Evaluating fitness
[INFO|2025-01-28 12:21:22,708] Collecting responses
[INFO|2025-01-28 12:22:11,752] Evaluating fitness
[INFO|2025-01-28 12:22:13,082] Collecting responses
[INFO|2025-01-28 12:23:10,557] Evaluating fitness
[INFO|2025-01-28 12:23:10,973] Collecting responses
[INFO|2025-01-28 12:24:03,777] Evaluating fitness
[INFO|2025-01-28 12:24:05,005] Collecting responses
[INFO|2025-01-28 12:24:59,688] Evaluating fitness
[INFO|2025-01-28 12:25:00,107] Collecting responses
[INFO|2025-01-28 12:25:56,827] Evaluating fitness
[INFO|2025-01-28 12:25:59,486] Collecting responses
[INFO|2025-01-28 12:26:50,383] Evaluating fitness
[INFO|2025-01-28 12:26:50,805] Collecting responses
[INFO|2025-01-28 12:27:48,853] Evaluating fitness
[INFO|2025-01-28 12:27:50,184] Collecting responses
[INFO|2025-01-28 12:28:48,859] Evaluating fitness
[INFO|2025-01-28 12:28:49,281] Collecting responses
[INFO|2025-01-28 12:29:42,927] Evaluating fitness
[INFO|2025-01-28 12:29:44,258] Collecting responses
[INFO|2025-01-28 12:30:55,837] Evaluating fitness
[INFO|2025-01-28 12:30:56,257] Collecting responses
[INFO|2025-01-28 12:31:57,277] Evaluating fitness
[INFO|2025-01-28 12:32:00,040] Collecting responses
[INFO|2025-01-28 12:33:00,048] Evaluating fitness
[INFO|2025-01-28 12:33:00,482] Collecting responses
[INFO|2025-01-28 12:33:51,249] Evaluating fitness
[INFO|2025-01-28 12:33:52,682] Collecting responses
[INFO|2025-01-28 12:34:46,579] Evaluating fitness
[INFO|2025-01-28 12:34:46,999] Collecting responses
[INFO|2025-01-28 12:35:41,330] Evaluating fitness
[INFO|2025-01-28 12:35:44,299] Collecting responses
[INFO|2025-01-28 12:36:36,012] Evaluating fitness
[INFO|2025-01-28 12:36:36,432] Collecting responses
[INFO|2025-01-28 12:37:31,709] Evaluating fitness
[INFO|2025-01-28 12:37:34,072] Collecting responses
[INFO|2025-01-28 12:38:24,092] Evaluating fitness
[INFO|2025-01-28 12:38:24,523] Collecting responses
[INFO|2025-01-28 12:39:19,342] Evaluating fitness
[INFO|2025-01-28 12:39:20,568] Collecting responses
[INFO|2025-01-28 12:40:19,451] Evaluating fitness
[INFO|2025-01-28 12:40:19,885] Collecting responses
[INFO|2025-01-28 12:41:18,332] Evaluating fitness
[INFO|2025-01-28 12:41:20,788] Collecting responses
[INFO|2025-01-28 12:42:24,381] Evaluating fitness
[INFO|2025-01-28 12:42:24,799] Collecting responses
[INFO|2025-01-28 12:43:17,933] Evaluating fitness
[INFO|2025-01-28 12:43:20,495] Collecting responses
[INFO|2025-01-28 12:44:12,720] Evaluating fitness
[INFO|2025-01-28 12:44:13,136] Collecting responses
[INFO|2025-01-28 12:45:05,867] Evaluating fitness
[INFO|2025-01-28 12:45:06,283] Collecting responses
[INFO|2025-01-28 12:46:03,211] Evaluating fitness
[INFO|2025-01-28 12:46:03,626] Collecting responses
[INFO|2025-01-28 12:47:03,628] Evaluating fitness
[INFO|2025-01-28 12:47:05,777] Collecting responses
[INFO|2025-01-28 12:47:59,305] Evaluating fitness
[INFO|2025-01-28 12:47:59,725] Collecting responses
[INFO|2025-01-28 12:48:53,095] Evaluating fitness
[INFO|2025-01-28 12:48:55,757] Collecting responses
[INFO|2025-01-28 12:49:59,646] Evaluating fitness
[INFO|2025-01-28 12:50:00,066] Collecting responses
[INFO|2025-01-28 12:50:52,755] Evaluating fitness
[INFO|2025-01-28 12:50:54,132] Collecting responses
[INFO|2025-01-28 12:51:45,120] Evaluating fitness
[INFO|2025-01-28 12:51:45,537] Collecting responses
[INFO|2025-01-28 12:52:40,526] Evaluating fitness
[INFO|2025-01-28 12:52:42,985] Collecting responses
[INFO|2025-01-28 12:53:34,799] Evaluating fitness
[INFO|2025-01-28 12:53:35,236] Collecting responses
[INFO|2025-01-28 12:54:27,127] Evaluating fitness
[INFO|2025-01-28 12:54:27,552] Max: 0.875 | Min: 0.6875 | Avrg: 0.76875
[INFO|2025-01-28 12:54:27,553] Writing to /home/simon/Documents/Uni/seminar_prompt_engineering/src/results/pjlCZ1X9/population_20.json
